2019-08-31 18:42:00,690 INFO No binary specified, looking for `pyre.bin` in PATH
2019-08-31 18:42:00,690 INFO Found: `/Users/tyleryep/miniconda3/bin/pyre.bin`
2019-08-31 18:42:00,691 INFO No typeshed specified, looking for it
2019-08-31 18:42:00,691 DEBUG Trying with: `/Users/tyleryep/miniconda3/lib/python3.7/site-packages/pyre_check/pyre_check/typeshed/`
2019-08-31 18:42:00,691 DEBUG Trying with: `/Users/tyleryep/miniconda3/lib/python3.7/site-packages/pyre_check/typeshed/`
2019-08-31 18:42:00,691 DEBUG Trying with: `/Users/tyleryep/miniconda3/lib/python3.7/pyre_check/typeshed/`
2019-08-31 18:42:00,691 DEBUG Trying with: `/Users/tyleryep/miniconda3/lib/pyre_check/typeshed/`
2019-08-31 18:42:00,691 INFO Found: `/Users/tyleryep/miniconda3/lib/pyre_check/typeshed/`
2019-08-31 18:42:00,696 INFO Constructing shared directory `/Users/tyleryep/Documents/Github/wolfbot/.pyre/shared_analysis_directory_24708`
2019-08-31 18:42:00,696 ERROR No targets or source directories to analyze.

2019-08-31 18:42:43,367 INFO No binary specified, looking for `pyre.bin` in PATH
2019-08-31 18:42:43,368 INFO Found: `/Users/tyleryep/miniconda3/bin/pyre.bin`
2019-08-31 18:42:43,368 INFO No typeshed specified, looking for it
2019-08-31 18:42:43,368 DEBUG Trying with: `/Users/tyleryep/miniconda3/lib/python3.7/site-packages/pyre_check/pyre_check/typeshed/`
2019-08-31 18:42:43,368 DEBUG Trying with: `/Users/tyleryep/miniconda3/lib/python3.7/site-packages/pyre_check/typeshed/`
2019-08-31 18:42:43,368 DEBUG Trying with: `/Users/tyleryep/miniconda3/lib/python3.7/pyre_check/typeshed/`
2019-08-31 18:42:43,368 DEBUG Trying with: `/Users/tyleryep/miniconda3/lib/pyre_check/typeshed/`
2019-08-31 18:42:43,368 INFO Found: `/Users/tyleryep/miniconda3/lib/pyre_check/typeshed/`
2019-08-31 18:42:43,372 INFO Constructing shared directory `/Users/tyleryep/Documents/Github/wolfbot/.pyre/shared_analysis_directory_24726`
2019-08-31 18:42:43,376 ERROR No targets or source directories to analyze.

2019-08-31 18:42:55,701 INFO No binary specified, looking for `pyre.bin` in PATH
2019-08-31 18:42:55,703 INFO Found: `/Users/tyleryep/miniconda3/bin/pyre.bin`
2019-08-31 18:42:55,704 INFO No typeshed specified, looking for it
2019-08-31 18:42:55,705 DEBUG Trying with: `/Users/tyleryep/miniconda3/lib/python3.7/site-packages/pyre_check/pyre_check/typeshed/`
2019-08-31 18:42:55,705 DEBUG Trying with: `/Users/tyleryep/miniconda3/lib/python3.7/site-packages/pyre_check/typeshed/`
2019-08-31 18:42:55,706 DEBUG Trying with: `/Users/tyleryep/miniconda3/lib/python3.7/pyre_check/typeshed/`
2019-08-31 18:42:55,706 DEBUG Trying with: `/Users/tyleryep/miniconda3/lib/pyre_check/typeshed/`
2019-08-31 18:42:55,706 INFO Found: `/Users/tyleryep/miniconda3/lib/pyre_check/typeshed/`
2019-08-31 18:42:55,707 WARNING Setting up a `.pyre_configuration` with `pyre init` may reduce overhead.

2019-08-31 18:42:55,709 DEBUG Running `/Users/tyleryep/miniconda3/bin/pyre.bin check -logging-sections parser -project-root /Users/tyleryep/Documents/Github/wolfbot -filter-directories /Users/tyleryep/Documents/Github/wolfbot/src -workers 1 -search-path /Users/tyleryep/miniconda3/lib/pyre_check/typeshed/stdlib/3.7,/Users/tyleryep/miniconda3/lib/pyre_check/typeshed/stdlib/3.6,/Users/tyleryep/miniconda3/lib/pyre_check/typeshed/stdlib/3,/Users/tyleryep/miniconda3/lib/pyre_check/typeshed/stdlib/2and3,/Users/tyleryep/miniconda3/lib/pyre_check/typeshed/third_party/3,/Users/tyleryep/miniconda3/lib/pyre_check/typeshed/third_party/2and3 /Users/tyleryep/Documents/Github/wolfbot/src`
2019-08-31 18:42:55,901 INFO Parsing 849 stubs and sources...
2019-08-31 18:42:57,303 ERROR Could not parse file at learning/train.py:62:79-62:79
      with open(f'learning/simulations/wolf_{time.strftime('%Y%m%d_%H%M%S'}.json', 'w') as wolf_file:
                                                                                ^

2019-08-31 18:42:57,304 WARNING Could not parse 1 file due to syntax errors!

2019-08-31 18:42:57,304 PERFORMANCE Sources parsed: 1.516000s
2019-08-31 18:42:57,305 INFO Adding built-in environment information to shared memory...
2019-08-31 18:42:57,305 PERFORMANCE Added environment to shared memory: 0.001000s
2019-08-31 18:42:57,408 INFO Building type environment...
2019-08-31 18:42:59,530 PERFORMANCE Full environment built: 2.199000s
2019-08-31 18:42:59,530 PERFORMANCE Registered ignores: 0.025000s
2019-08-31 18:42:59,531 INFO Checking 33 sources...
2019-08-31 18:42:59,633 INFO Running check `TypeCheck`...
2019-08-31 18:42:59,996 INFO Processed 33 of 33 sources
2019-08-31 18:42:59,996 PERFORMANCE Check_TypeCheck: 0.465000s
2019-08-31 18:42:59,996 MEMORY Shared memory size post-typecheck (size: 15)
2019-08-31 18:43:00,024 PERFORMANCE Analyzed sources: 0.465000s
2019-08-31 18:43:00,036 PERFORMANCE Postprocessed: 0.028000s
2019-08-31 18:43:00,056 PERFORMANCE Check: 4.297000s
2019-08-31 18:43:00,060 ERROR Found 46 type errors!

2019-08-31 18:43:53,150 INFO No binary specified, looking for `pyre.bin` in PATH
2019-08-31 18:43:53,155 INFO Found: `/Users/tyleryep/miniconda3/bin/pyre.bin`
2019-08-31 18:43:53,155 INFO No typeshed specified, looking for it
2019-08-31 18:43:53,156 DEBUG Trying with: `/Users/tyleryep/miniconda3/lib/python3.7/site-packages/pyre_check/pyre_check/typeshed/`
2019-08-31 18:43:53,156 DEBUG Trying with: `/Users/tyleryep/miniconda3/lib/python3.7/site-packages/pyre_check/typeshed/`
2019-08-31 18:43:53,156 DEBUG Trying with: `/Users/tyleryep/miniconda3/lib/python3.7/pyre_check/typeshed/`
2019-08-31 18:43:53,156 DEBUG Trying with: `/Users/tyleryep/miniconda3/lib/pyre_check/typeshed/`
2019-08-31 18:43:53,156 INFO Found: `/Users/tyleryep/miniconda3/lib/pyre_check/typeshed/`
2019-08-31 18:43:53,160 INFO Constructing shared directory `/Users/tyleryep/Documents/Github/wolfbot/.pyre/shared_analysis_directory_24755`
2019-08-31 18:43:53,160 ERROR No targets or source directories to analyze.

2019-08-31 18:44:53,896 INFO No binary specified, looking for `pyre.bin` in PATH
2019-08-31 18:44:53,897 INFO Found: `/Users/tyleryep/miniconda3/bin/pyre.bin`
2019-08-31 18:44:53,897 INFO No typeshed specified, looking for it
2019-08-31 18:44:53,898 DEBUG Trying with: `/Users/tyleryep/miniconda3/lib/python3.7/site-packages/pyre_check/pyre_check/typeshed/`
2019-08-31 18:44:53,898 DEBUG Trying with: `/Users/tyleryep/miniconda3/lib/python3.7/site-packages/pyre_check/typeshed/`
2019-08-31 18:44:53,898 DEBUG Trying with: `/Users/tyleryep/miniconda3/lib/python3.7/pyre_check/typeshed/`
2019-08-31 18:44:53,898 DEBUG Trying with: `/Users/tyleryep/miniconda3/lib/pyre_check/typeshed/`
2019-08-31 18:44:53,898 INFO Found: `/Users/tyleryep/miniconda3/lib/pyre_check/typeshed/`
2019-08-31 18:44:53,903 INFO Constructing shared directory `/Users/tyleryep/Documents/Github/wolfbot/.pyre/shared_analysis_directory`
2019-08-31 18:44:53,907 ERROR No targets or source directories to analyze.

2019-08-31 18:46:26,427 INFO No binary specified, looking for `pyre.bin` in PATH
2019-08-31 18:46:26,429 INFO Found: `/Users/tyleryep/miniconda3/bin/pyre.bin`
2019-08-31 18:46:26,429 INFO No typeshed specified, looking for it
2019-08-31 18:46:26,430 DEBUG Trying with: `/Users/tyleryep/miniconda3/lib/python3.7/site-packages/pyre_check/pyre_check/typeshed/`
2019-08-31 18:46:26,430 DEBUG Trying with: `/Users/tyleryep/miniconda3/lib/python3.7/site-packages/pyre_check/typeshed/`
2019-08-31 18:46:26,430 DEBUG Trying with: `/Users/tyleryep/miniconda3/lib/python3.7/pyre_check/typeshed/`
2019-08-31 18:46:26,430 DEBUG Trying with: `/Users/tyleryep/miniconda3/lib/pyre_check/typeshed/`
2019-08-31 18:46:26,430 INFO Found: `/Users/tyleryep/miniconda3/lib/pyre_check/typeshed/`
2019-08-31 18:46:26,431 WARNING Setting up a `.pyre_configuration` with `pyre init` may reduce overhead.

2019-08-31 18:46:26,431 DEBUG Running `/Users/tyleryep/miniconda3/bin/pyre.bin check -logging-sections parser -project-root /Users/tyleryep/Documents/Github/wolfbot -filter-directories /Users/tyleryep/Documents/Github/wolfbot -workers 1 -search-path /Users/tyleryep/miniconda3/lib/pyre_check/typeshed/stdlib/3.7,/Users/tyleryep/miniconda3/lib/pyre_check/typeshed/stdlib/3.6,/Users/tyleryep/miniconda3/lib/pyre_check/typeshed/stdlib/3,/Users/tyleryep/miniconda3/lib/pyre_check/typeshed/stdlib/2and3,/Users/tyleryep/miniconda3/lib/pyre_check/typeshed/third_party/3,/Users/tyleryep/miniconda3/lib/pyre_check/typeshed/third_party/2and3 /Users/tyleryep/Documents/Github/wolfbot`
2019-08-31 18:46:26,803 INFO Parsing 859 stubs and sources...
2019-08-31 18:46:28,906 PERFORMANCE Sources parsed: 2.207000s
2019-08-31 18:46:28,907 INFO Adding built-in environment information to shared memory...
2019-08-31 18:46:28,907 PERFORMANCE Added environment to shared memory: 0.001000s
2019-08-31 18:46:29,010 INFO Building type environment...
2019-08-31 18:46:31,179 PERFORMANCE Full environment built: 2.244000s
2019-08-31 18:46:31,180 PERFORMANCE Registered ignores: 0.025000s
2019-08-31 18:46:31,180 INFO Checking 44 sources...
2019-08-31 18:46:31,283 INFO Running check `TypeCheck`...
2019-08-31 18:46:31,673 INFO Processed 44 of 44 sources
2019-08-31 18:46:31,673 PERFORMANCE Check_TypeCheck: 0.492000s
2019-08-31 18:46:31,673 MEMORY Shared memory size post-typecheck (size: 15)
2019-08-31 18:46:31,701 PERFORMANCE Analyzed sources: 0.492000s
2019-08-31 18:46:31,714 PERFORMANCE Postprocessed: 0.028000s
2019-08-31 18:46:31,736 PERFORMANCE Check: 5.145000s
2019-08-31 18:46:31,743 ERROR Found 9 type errors!

2019-08-31 18:47:15,932 INFO No binary specified, looking for `pyre.bin` in PATH
2019-08-31 18:47:15,933 INFO Found: `/Users/tyleryep/miniconda3/bin/pyre.bin`
2019-08-31 18:47:15,933 INFO No typeshed specified, looking for it
2019-08-31 18:47:15,933 DEBUG Trying with: `/Users/tyleryep/miniconda3/lib/python3.7/site-packages/pyre_check/pyre_check/typeshed/`
2019-08-31 18:47:15,934 DEBUG Trying with: `/Users/tyleryep/miniconda3/lib/python3.7/site-packages/pyre_check/typeshed/`
2019-08-31 18:47:15,934 DEBUG Trying with: `/Users/tyleryep/miniconda3/lib/python3.7/pyre_check/typeshed/`
2019-08-31 18:47:15,934 DEBUG Trying with: `/Users/tyleryep/miniconda3/lib/pyre_check/typeshed/`
2019-08-31 18:47:15,934 INFO Found: `/Users/tyleryep/miniconda3/lib/pyre_check/typeshed/`
2019-08-31 18:47:15,934 WARNING Setting up a `.pyre_configuration` with `pyre init` may reduce overhead.

2019-08-31 18:47:15,935 DEBUG Running `/Users/tyleryep/miniconda3/bin/pyre.bin check -logging-sections parser -project-root /Users/tyleryep/Documents/Github/wolfbot -filter-directories /Users/tyleryep/Documents/Github/wolfbot -workers 1 -search-path /Users/tyleryep/miniconda3/lib/pyre_check/typeshed/stdlib/3.7,/Users/tyleryep/miniconda3/lib/pyre_check/typeshed/stdlib/3.6,/Users/tyleryep/miniconda3/lib/pyre_check/typeshed/stdlib/3,/Users/tyleryep/miniconda3/lib/pyre_check/typeshed/stdlib/2and3,/Users/tyleryep/miniconda3/lib/pyre_check/typeshed/third_party/3,/Users/tyleryep/miniconda3/lib/pyre_check/typeshed/third_party/2and3 /Users/tyleryep/Documents/Github/wolfbot`
2019-08-31 18:47:16,128 INFO Parsing 859 stubs and sources...
2019-08-31 18:47:17,537 PERFORMANCE Sources parsed: 1.515000s
2019-08-31 18:47:17,538 INFO Adding built-in environment information to shared memory...
2019-08-31 18:47:17,539 PERFORMANCE Added environment to shared memory: 0.001000s
2019-08-31 18:47:17,643 INFO Building type environment...
2019-08-31 18:47:19,800 PERFORMANCE Full environment built: 2.233000s
2019-08-31 18:47:19,800 PERFORMANCE Registered ignores: 0.026000s
2019-08-31 18:47:19,800 INFO Checking 44 sources...
2019-08-31 18:47:19,903 INFO Running check `TypeCheck`...
2019-08-31 18:47:20,296 INFO Processed 44 of 44 sources
2019-08-31 18:47:20,297 PERFORMANCE Check_TypeCheck: 0.496000s
2019-08-31 18:47:20,297 MEMORY Shared memory size post-typecheck (size: 15)
2019-08-31 18:47:20,325 PERFORMANCE Analyzed sources: 0.496000s
2019-08-31 18:47:20,338 PERFORMANCE Postprocessed: 0.028000s
2019-08-31 18:47:20,355 PERFORMANCE Check: 4.375000s
2019-08-31 18:47:20,357 ERROR Found 5 type errors!

2019-08-31 18:48:52,768 INFO No binary specified, looking for `pyre.bin` in PATH
2019-08-31 18:48:52,773 INFO Found: `/Users/tyleryep/miniconda3/bin/pyre.bin`
2019-08-31 18:48:52,774 INFO No typeshed specified, looking for it
2019-08-31 18:48:52,774 DEBUG Trying with: `/Users/tyleryep/miniconda3/lib/python3.7/site-packages/pyre_check/pyre_check/typeshed/`
2019-08-31 18:48:52,775 DEBUG Trying with: `/Users/tyleryep/miniconda3/lib/python3.7/site-packages/pyre_check/typeshed/`
2019-08-31 18:48:52,775 DEBUG Trying with: `/Users/tyleryep/miniconda3/lib/python3.7/pyre_check/typeshed/`
2019-08-31 18:48:52,775 DEBUG Trying with: `/Users/tyleryep/miniconda3/lib/pyre_check/typeshed/`
2019-08-31 18:48:52,775 INFO Found: `/Users/tyleryep/miniconda3/lib/pyre_check/typeshed/`
2019-08-31 18:48:52,775 WARNING Setting up a `.pyre_configuration` with `pyre init` may reduce overhead.

2019-08-31 18:48:52,776 DEBUG Running `/Users/tyleryep/miniconda3/bin/pyre.bin check -logging-sections parser -project-root /Users/tyleryep/Documents/Github/wolfbot -filter-directories /Users/tyleryep/Documents/Github/wolfbot -workers 1 -search-path /Users/tyleryep/miniconda3/lib/pyre_check/typeshed/stdlib/3.7,/Users/tyleryep/miniconda3/lib/pyre_check/typeshed/stdlib/3.6,/Users/tyleryep/miniconda3/lib/pyre_check/typeshed/stdlib/3,/Users/tyleryep/miniconda3/lib/pyre_check/typeshed/stdlib/2and3,/Users/tyleryep/miniconda3/lib/pyre_check/typeshed/third_party/3,/Users/tyleryep/miniconda3/lib/pyre_check/typeshed/third_party/2and3 /Users/tyleryep/Documents/Github/wolfbot`
2019-08-31 18:48:53,058 INFO Parsing 859 stubs and sources...
2019-08-31 18:48:55,117 PERFORMANCE Sources parsed: 2.166000s
2019-08-31 18:48:55,118 INFO Adding built-in environment information to shared memory...
2019-08-31 18:48:55,118 PERFORMANCE Added environment to shared memory: 0.001000s
2019-08-31 18:48:55,219 INFO Building type environment...
2019-08-31 18:48:57,368 PERFORMANCE Full environment built: 2.223000s
2019-08-31 18:48:57,368 PERFORMANCE Registered ignores: 0.025000s
2019-08-31 18:48:57,368 INFO Checking 44 sources...
2019-08-31 18:48:57,473 INFO Running check `TypeCheck`...
2019-08-31 18:48:57,862 INFO Processed 44 of 44 sources
2019-08-31 18:48:57,862 PERFORMANCE Check_TypeCheck: 0.494000s
2019-08-31 18:48:57,863 MEMORY Shared memory size post-typecheck (size: 15)
2019-08-31 18:48:57,891 PERFORMANCE Analyzed sources: 0.494000s
2019-08-31 18:48:57,903 PERFORMANCE Postprocessed: 0.029000s
2019-08-31 18:48:57,927 PERFORMANCE Check: 5.022000s
2019-08-31 18:48:57,934 ERROR Found 9 type errors!

2019-08-31 18:49:08,126 INFO Binary found at `/Users/tyleryep/miniconda3/bin/pyre.bin`
2019-08-31 18:49:08,126 DEBUG Trying with: `/Users/tyleryep/miniconda3/lib/python3.7/site-packages/pyre_check/pyre_check/typeshed/`
2019-08-31 18:49:08,126 DEBUG Trying with: `/Users/tyleryep/miniconda3/lib/python3.7/site-packages/pyre_check/typeshed/`
2019-08-31 18:49:08,126 DEBUG Trying with: `/Users/tyleryep/miniconda3/lib/python3.7/pyre_check/typeshed/`
2019-08-31 18:49:08,126 DEBUG Trying with: `/Users/tyleryep/miniconda3/lib/pyre_check/typeshed/`
2019-08-31 18:49:08,126 PROMPT Which directory should pyre be initialized in? (Default: `.`): 
2019-08-31 18:49:10,277 INFO Successfully initialized pyre! You can view the configuration at `/Users/tyleryep/Documents/Github/wolfbot/.pyre_configuration`.
2019-08-31 18:52:18,396 DEBUG Reading configuration `.pyre_configuration`...
2019-08-31 18:52:18,397 DEBUG Found source_directories: `.`
2019-08-31 18:52:18,399 DEBUG Running `/Users/tyleryep/miniconda3/bin/pyre.bin check -logging-sections parser -project-root /Users/tyleryep/Documents/Github/wolfbot -filter-directories /Users/tyleryep/Documents/Github/wolfbot -workers 1 -search-path /Users/tyleryep/miniconda3/lib/pyre_check/typeshed/stdlib/3.7,/Users/tyleryep/miniconda3/lib/pyre_check/typeshed/stdlib/3.6,/Users/tyleryep/miniconda3/lib/pyre_check/typeshed/stdlib/3,/Users/tyleryep/miniconda3/lib/pyre_check/typeshed/stdlib/2and3,/Users/tyleryep/miniconda3/lib/pyre_check/typeshed/third_party/3,/Users/tyleryep/miniconda3/lib/pyre_check/typeshed/third_party/2and3 .`
2019-08-31 18:52:18,715 INFO Parsing 859 stubs and sources...
2019-08-31 18:52:20,791 PERFORMANCE Sources parsed: 2.187000s
2019-08-31 18:52:20,800 INFO Adding built-in environment information to shared memory...
2019-08-31 18:52:20,800 PERFORMANCE Added environment to shared memory: 0.001000s
2019-08-31 18:52:20,905 INFO Building type environment...
2019-08-31 18:52:23,022 PERFORMANCE Full environment built: 2.203000s
2019-08-31 18:52:23,022 PERFORMANCE Registered ignores: 0.025000s
2019-08-31 18:52:23,023 INFO Checking 44 sources...
2019-08-31 18:52:23,127 INFO Running check `TypeCheck`...
2019-08-31 18:52:23,528 INFO Processed 44 of 44 sources
2019-08-31 18:52:23,528 PERFORMANCE Check_TypeCheck: 0.505000s
2019-08-31 18:52:23,529 MEMORY Shared memory size post-typecheck (size: 15)
2019-08-31 18:52:23,557 PERFORMANCE Analyzed sources: 0.505000s
2019-08-31 18:52:23,570 PERFORMANCE Postprocessed: 0.029000s
2019-08-31 18:52:23,591 PERFORMANCE Check: 5.063000s
2019-08-31 18:52:23,593 ERROR Found 9 type errors!

2019-08-31 18:54:25,823 DEBUG Reading configuration `.pyre_configuration`...
2019-08-31 18:54:25,823 DEBUG Found source_directories: `.`
2019-08-31 18:54:25,824 DEBUG Running `/Users/tyleryep/miniconda3/bin/pyre.bin check -logging-sections parser -project-root /Users/tyleryep/Documents/Github/wolfbot -filter-directories /Users/tyleryep/Documents/Github/wolfbot -workers 1 -search-path /Users/tyleryep/miniconda3/lib/pyre_check/typeshed/stdlib/3.7,/Users/tyleryep/miniconda3/lib/pyre_check/typeshed/stdlib/3.6,/Users/tyleryep/miniconda3/lib/pyre_check/typeshed/stdlib/3,/Users/tyleryep/miniconda3/lib/pyre_check/typeshed/stdlib/2and3,/Users/tyleryep/miniconda3/lib/pyre_check/typeshed/third_party/3,/Users/tyleryep/miniconda3/lib/pyre_check/typeshed/third_party/2and3 .`
2019-08-31 18:54:26,028 INFO Parsing 859 stubs and sources...
2019-08-31 18:54:27,394 PERFORMANCE Sources parsed: 1.473000s
2019-08-31 18:54:27,395 INFO Adding built-in environment information to shared memory...
2019-08-31 18:54:27,396 PERFORMANCE Added environment to shared memory: 0.001000s
2019-08-31 18:54:27,496 INFO Building type environment...
2019-08-31 18:54:29,629 PERFORMANCE Full environment built: 2.207000s
2019-08-31 18:54:29,630 PERFORMANCE Registered ignores: 0.025000s
2019-08-31 18:54:29,630 INFO Checking 44 sources...
2019-08-31 18:54:29,731 INFO Running check `TypeCheck`...
2019-08-31 18:54:30,113 INFO Processed 44 of 44 sources
2019-08-31 18:54:30,114 PERFORMANCE Check_TypeCheck: 0.483000s
2019-08-31 18:54:30,114 MEMORY Shared memory size post-typecheck (size: 15)
2019-08-31 18:54:30,142 PERFORMANCE Analyzed sources: 0.483000s
2019-08-31 18:54:30,154 PERFORMANCE Postprocessed: 0.028000s
2019-08-31 18:54:30,176 PERFORMANCE Check: 4.304000s
2019-08-31 18:54:30,177 ERROR Found 9 type errors!

2019-08-31 18:55:45,033 DEBUG Reading configuration `.pyre_configuration`...
2019-08-31 18:55:45,034 DEBUG Found source_directories: `.`
2019-08-31 18:55:45,034 DEBUG Running `/Users/tyleryep/miniconda3/bin/pyre.bin check -logging-sections parser -project-root /Users/tyleryep/Documents/Github/wolfbot -filter-directories /Users/tyleryep/Documents/Github/wolfbot -workers 1 -search-path /Users/tyleryep/miniconda3/lib/pyre_check/typeshed/stdlib/3.7,/Users/tyleryep/miniconda3/lib/pyre_check/typeshed/stdlib/3.6,/Users/tyleryep/miniconda3/lib/pyre_check/typeshed/stdlib/3,/Users/tyleryep/miniconda3/lib/pyre_check/typeshed/stdlib/2and3,/Users/tyleryep/miniconda3/lib/pyre_check/typeshed/third_party/3,/Users/tyleryep/miniconda3/lib/pyre_check/typeshed/third_party/2and3 .`
2019-08-31 18:55:45,303 INFO Parsing 859 stubs and sources...
2019-08-31 18:55:46,684 PERFORMANCE Sources parsed: 1.482000s
2019-08-31 18:55:46,685 INFO Adding built-in environment information to shared memory...
2019-08-31 18:55:46,685 PERFORMANCE Added environment to shared memory: 0.001000s
2019-08-31 18:55:46,789 INFO Building type environment...
2019-08-31 18:55:48,924 PERFORMANCE Full environment built: 2.211000s
2019-08-31 18:55:48,924 PERFORMANCE Registered ignores: 0.025000s
2019-08-31 18:55:48,924 INFO Checking 44 sources...
2019-08-31 18:55:49,027 INFO Running check `TypeCheck`...
2019-08-31 18:55:49,418 INFO Processed 44 of 44 sources
2019-08-31 18:55:49,419 PERFORMANCE Check_TypeCheck: 0.494000s
2019-08-31 18:55:49,419 MEMORY Shared memory size post-typecheck (size: 15)
2019-08-31 18:55:49,447 PERFORMANCE Analyzed sources: 0.494000s
2019-08-31 18:55:49,460 PERFORMANCE Postprocessed: 0.029000s
2019-08-31 18:55:49,482 PERFORMANCE Check: 4.361000s
2019-08-31 18:55:49,483 ERROR Found 8 type errors!

2019-08-31 19:25:18,031 DEBUG Reading configuration `.pyre_configuration`...
2019-08-31 19:25:18,032 DEBUG Found source_directories: `.`
2019-08-31 19:25:18,034 DEBUG Running `/Users/tyleryep/miniconda3/bin/pyre.bin check -show-error-traces -logging-sections parser -project-root /Users/tyleryep/Documents/Github/wolfbot -infer -filter-directories /Users/tyleryep/Documents/Github/wolfbot -search-path /Users/tyleryep/miniconda3/lib/pyre_check/typeshed/stdlib/3.7,/Users/tyleryep/miniconda3/lib/pyre_check/typeshed/stdlib/3.6,/Users/tyleryep/miniconda3/lib/pyre_check/typeshed/stdlib/3,/Users/tyleryep/miniconda3/lib/pyre_check/typeshed/stdlib/2and3,/Users/tyleryep/miniconda3/lib/pyre_check/typeshed/third_party/3,/Users/tyleryep/miniconda3/lib/pyre_check/typeshed/third_party/2and3 .`
2019-08-31 19:25:18,470 INFO Parsing 859 stubs and sources...
2019-08-31 19:25:19,207 PERFORMANCE Sources parsed: 0.848000s
2019-08-31 19:25:19,208 INFO Adding built-in environment information to shared memory...
2019-08-31 19:25:19,208 PERFORMANCE Added environment to shared memory: 0.001000s
2019-08-31 19:25:19,311 INFO Building type environment...
2019-08-31 19:25:21,008 PERFORMANCE Full environment built: 1.772000s
2019-08-31 19:25:21,008 PERFORMANCE Registered ignores: 0.027000s
2019-08-31 19:25:21,008 INFO Checking 44 sources...
2019-08-31 19:25:21,109 INFO Running check `Inference`...
2019-08-31 19:25:21,280 INFO Processed 12 of 44 sources
2019-08-31 19:25:21,360 INFO Processed 20 of 44 sources
2019-08-31 19:25:21,458 INFO Processed 32 of 44 sources
2019-08-31 19:25:21,461 INFO Processed 44 of 44 sources
2019-08-31 19:25:21,471 PERFORMANCE Check_Inference: 0.449000s
2019-08-31 19:25:21,477 MEMORY Shared memory size post-typecheck (size: 15)
2019-08-31 19:25:21,489 PERFORMANCE Analyzed sources: 0.449000s
2019-08-31 19:25:21,504 PERFORMANCE Postprocessed: 0.031000s
2019-08-31 19:25:21,526 PERFORMANCE Check: 3.328000s
2019-08-31 19:25:21,537 SUCCESS Outputting inferred stubs to /Users/tyleryep/Documents/Github/wolfbot/.pyre/types

2019-08-31 19:38:24,881 DEBUG Reading configuration `.pyre_configuration`...
2019-08-31 19:38:24,883 DEBUG Found source_directories: `.`
2019-08-31 19:38:24,885 DEBUG Running `/Users/tyleryep/miniconda3/bin/pyre.bin check -logging-sections parser -project-root /Users/tyleryep/Documents/Github/wolfbot -filter-directories /Users/tyleryep/Documents/Github/wolfbot -workers 1 -search-path /Users/tyleryep/miniconda3/lib/pyre_check/typeshed/stdlib/3.7,/Users/tyleryep/miniconda3/lib/pyre_check/typeshed/stdlib/3.6,/Users/tyleryep/miniconda3/lib/pyre_check/typeshed/stdlib/3,/Users/tyleryep/miniconda3/lib/pyre_check/typeshed/stdlib/2and3,/Users/tyleryep/miniconda3/lib/pyre_check/typeshed/third_party/3,/Users/tyleryep/miniconda3/lib/pyre_check/typeshed/third_party/2and3 .`
2019-08-31 19:38:25,241 INFO Parsing 859 stubs and sources...
2019-08-31 19:38:27,248 PERFORMANCE Sources parsed: 2.112000s
2019-08-31 19:38:27,249 INFO Adding built-in environment information to shared memory...
2019-08-31 19:38:27,250 PERFORMANCE Added environment to shared memory: 0.001000s
2019-08-31 19:38:27,353 INFO Building type environment...
2019-08-31 19:38:29,675 PERFORMANCE Full environment built: 2.398000s
2019-08-31 19:38:29,675 PERFORMANCE Registered ignores: 0.025000s
2019-08-31 19:38:29,675 INFO Checking 44 sources...
2019-08-31 19:38:29,776 INFO Running check `TypeCheck`...
2019-08-31 19:38:30,176 INFO Processed 44 of 44 sources
2019-08-31 19:38:30,176 PERFORMANCE Check_TypeCheck: 0.500000s
2019-08-31 19:38:30,176 MEMORY Shared memory size post-typecheck (size: 15)
2019-08-31 19:38:30,204 PERFORMANCE Analyzed sources: 0.500000s
2019-08-31 19:38:30,217 PERFORMANCE Postprocessed: 0.028000s
2019-08-31 19:38:30,241 PERFORMANCE Check: 5.227000s
2019-08-31 19:38:30,242 ERROR Found 10 type errors!

2019-08-31 19:38:43,193 DEBUG Reading configuration `.pyre_configuration`...
2019-08-31 19:38:43,193 DEBUG Found source_directories: `.`
2019-08-31 19:38:43,194 DEBUG Running `/Users/tyleryep/miniconda3/bin/pyre.bin check -logging-sections parser -project-root /Users/tyleryep/Documents/Github/wolfbot -filter-directories /Users/tyleryep/Documents/Github/wolfbot -workers 1 -search-path /Users/tyleryep/miniconda3/lib/pyre_check/typeshed/stdlib/3.7,/Users/tyleryep/miniconda3/lib/pyre_check/typeshed/stdlib/3.6,/Users/tyleryep/miniconda3/lib/pyre_check/typeshed/stdlib/3,/Users/tyleryep/miniconda3/lib/pyre_check/typeshed/stdlib/2and3,/Users/tyleryep/miniconda3/lib/pyre_check/typeshed/third_party/3,/Users/tyleryep/miniconda3/lib/pyre_check/typeshed/third_party/2and3 .`
2019-08-31 19:38:43,394 INFO Parsing 859 stubs and sources...
2019-08-31 19:38:44,759 PERFORMANCE Sources parsed: 1.468000s
2019-08-31 19:38:44,760 INFO Adding built-in environment information to shared memory...
2019-08-31 19:38:44,760 PERFORMANCE Added environment to shared memory: 0.001000s
2019-08-31 19:38:44,862 INFO Building type environment...
2019-08-31 19:38:46,995 PERFORMANCE Full environment built: 2.207000s
2019-08-31 19:38:46,995 PERFORMANCE Registered ignores: 0.025000s
2019-08-31 19:38:46,995 INFO Checking 44 sources...
2019-08-31 19:38:47,099 INFO Running check `TypeCheck`...
2019-08-31 19:38:47,493 INFO Processed 44 of 44 sources
2019-08-31 19:38:47,493 PERFORMANCE Check_TypeCheck: 0.497000s
2019-08-31 19:38:47,494 MEMORY Shared memory size post-typecheck (size: 15)
2019-08-31 19:38:47,521 PERFORMANCE Analyzed sources: 0.497000s
2019-08-31 19:38:47,534 PERFORMANCE Postprocessed: 0.028000s
2019-08-31 19:38:47,552 PERFORMANCE Check: 4.305000s
2019-08-31 19:38:47,553 ERROR Found 9 type errors!

2019-08-31 19:39:23,912 DEBUG Reading configuration `.pyre_configuration`...
2019-08-31 19:39:23,913 DEBUG Found source_directories: `.`
2019-08-31 19:39:23,914 DEBUG Running `/Users/tyleryep/miniconda3/bin/pyre.bin check -logging-sections parser -project-root /Users/tyleryep/Documents/Github/wolfbot -filter-directories /Users/tyleryep/Documents/Github/wolfbot -workers 1 -search-path /Users/tyleryep/miniconda3/lib/pyre_check/typeshed/stdlib/3.7,/Users/tyleryep/miniconda3/lib/pyre_check/typeshed/stdlib/3.6,/Users/tyleryep/miniconda3/lib/pyre_check/typeshed/stdlib/3,/Users/tyleryep/miniconda3/lib/pyre_check/typeshed/stdlib/2and3,/Users/tyleryep/miniconda3/lib/pyre_check/typeshed/third_party/3,/Users/tyleryep/miniconda3/lib/pyre_check/typeshed/third_party/2and3 .`
2019-08-31 19:39:24,112 INFO Parsing 859 stubs and sources...
2019-08-31 19:39:25,473 PERFORMANCE Sources parsed: 1.464000s
2019-08-31 19:39:25,474 INFO Adding built-in environment information to shared memory...
2019-08-31 19:39:25,474 PERFORMANCE Added environment to shared memory: 0.001000s
2019-08-31 19:39:25,578 INFO Building type environment...
2019-08-31 19:39:27,705 PERFORMANCE Full environment built: 2.204000s
2019-08-31 19:39:27,706 PERFORMANCE Registered ignores: 0.025000s
2019-08-31 19:39:27,706 INFO Checking 44 sources...
2019-08-31 19:39:27,808 INFO Running check `TypeCheck`...
2019-08-31 19:39:28,230 INFO Processed 44 of 44 sources
2019-08-31 19:39:28,231 PERFORMANCE Check_TypeCheck: 0.524000s
2019-08-31 19:39:28,231 MEMORY Shared memory size post-typecheck (size: 15)
2019-08-31 19:39:28,260 PERFORMANCE Analyzed sources: 0.524000s
2019-08-31 19:39:28,272 PERFORMANCE Postprocessed: 0.029000s
2019-08-31 19:39:28,291 PERFORMANCE Check: 4.325000s
2019-08-31 19:39:28,292 ERROR Found 8 type errors!

2019-08-31 19:52:21,463 DEBUG Reading configuration `.pyre_configuration`...
2019-08-31 19:52:21,464 DEBUG Found source_directories: `.`
2019-08-31 19:52:21,466 DEBUG Running `/Users/tyleryep/miniconda3/bin/pyre.bin check -logging-sections parser -project-root /Users/tyleryep/Documents/Github/wolfbot -filter-directories /Users/tyleryep/Documents/Github/wolfbot -workers 1 -search-path /Users/tyleryep/miniconda3/lib/pyre_check/typeshed/stdlib/3.7,/Users/tyleryep/miniconda3/lib/pyre_check/typeshed/stdlib/3.6,/Users/tyleryep/miniconda3/lib/pyre_check/typeshed/stdlib/3,/Users/tyleryep/miniconda3/lib/pyre_check/typeshed/stdlib/2and3,/Users/tyleryep/miniconda3/lib/pyre_check/typeshed/third_party/3,/Users/tyleryep/miniconda3/lib/pyre_check/typeshed/third_party/2and3 -exclude src/util.py .`
2019-08-31 19:52:21,819 INFO Parsing 859 stubs and sources...
2019-08-31 19:52:23,804 PERFORMANCE Sources parsed: 2.093000s
2019-08-31 19:52:23,805 INFO Adding built-in environment information to shared memory...
2019-08-31 19:52:23,805 PERFORMANCE Added environment to shared memory: 0.001000s
2019-08-31 19:52:23,908 INFO Building type environment...
2019-08-31 19:52:26,040 PERFORMANCE Full environment built: 2.207000s
2019-08-31 19:52:26,040 PERFORMANCE Registered ignores: 0.025000s
2019-08-31 19:52:26,041 INFO Checking 44 sources...
2019-08-31 19:52:26,145 INFO Running check `TypeCheck`...
2019-08-31 19:52:26,538 INFO Processed 44 of 44 sources
2019-08-31 19:52:26,539 PERFORMANCE Check_TypeCheck: 0.498000s
2019-08-31 19:52:26,539 MEMORY Shared memory size post-typecheck (size: 15)
2019-08-31 19:52:26,567 PERFORMANCE Analyzed sources: 0.498000s
2019-08-31 19:52:26,579 PERFORMANCE Postprocessed: 0.028000s
2019-08-31 19:52:26,597 PERFORMANCE Check: 5.013000s
2019-08-31 19:52:26,598 ERROR Found 8 type errors!

2019-08-31 19:52:56,333 DEBUG Reading configuration `.pyre_configuration`...
2019-08-31 19:52:56,333 DEBUG Found source_directories: `.`
2019-08-31 19:52:56,334 DEBUG Running `/Users/tyleryep/miniconda3/bin/pyre.bin check -logging-sections parser -project-root /Users/tyleryep/Documents/Github/wolfbot -filter-directories /Users/tyleryep/Documents/Github/wolfbot -workers 1 -search-path /Users/tyleryep/miniconda3/lib/pyre_check/typeshed/stdlib/3.7,/Users/tyleryep/miniconda3/lib/pyre_check/typeshed/stdlib/3.6,/Users/tyleryep/miniconda3/lib/pyre_check/typeshed/stdlib/3,/Users/tyleryep/miniconda3/lib/pyre_check/typeshed/stdlib/2and3,/Users/tyleryep/miniconda3/lib/pyre_check/typeshed/third_party/3,/Users/tyleryep/miniconda3/lib/pyre_check/typeshed/third_party/2and3 -exclude src/util .`
2019-08-31 19:52:56,531 INFO Parsing 859 stubs and sources...
2019-08-31 19:52:57,854 PERFORMANCE Sources parsed: 1.426000s
2019-08-31 19:52:57,855 INFO Adding built-in environment information to shared memory...
2019-08-31 19:52:57,855 PERFORMANCE Added environment to shared memory: 0.001000s
2019-08-31 19:52:57,956 INFO Building type environment...
2019-08-31 19:53:00,052 PERFORMANCE Full environment built: 2.170000s
2019-08-31 19:53:00,052 PERFORMANCE Registered ignores: 0.025000s
2019-08-31 19:53:00,052 INFO Checking 44 sources...
2019-08-31 19:53:00,157 INFO Running check `TypeCheck`...
2019-08-31 19:53:00,555 INFO Processed 44 of 44 sources
2019-08-31 19:53:00,556 PERFORMANCE Check_TypeCheck: 0.503000s
2019-08-31 19:53:00,556 MEMORY Shared memory size post-typecheck (size: 15)
2019-08-31 19:53:00,584 PERFORMANCE Analyzed sources: 0.503000s
2019-08-31 19:53:00,597 PERFORMANCE Postprocessed: 0.029000s
2019-08-31 19:53:00,615 PERFORMANCE Check: 4.230000s
2019-08-31 19:53:00,616 ERROR Found 8 type errors!

2019-08-31 19:53:26,264 DEBUG Reading configuration `.pyre_configuration`...
2019-08-31 19:53:26,276 DEBUG Found source_directories: `.`
2019-08-31 19:53:26,278 DEBUG Running `/Users/tyleryep/miniconda3/bin/pyre.bin check -logging-sections parser -project-root /Users/tyleryep/Documents/Github/wolfbot -filter-directories /Users/tyleryep/Documents/Github/wolfbot -workers 1 -search-path /Users/tyleryep/miniconda3/lib/pyre_check/typeshed/stdlib/3.7,/Users/tyleryep/miniconda3/lib/pyre_check/typeshed/stdlib/3.6,/Users/tyleryep/miniconda3/lib/pyre_check/typeshed/stdlib/3,/Users/tyleryep/miniconda3/lib/pyre_check/typeshed/stdlib/2and3,/Users/tyleryep/miniconda3/lib/pyre_check/typeshed/third_party/3,/Users/tyleryep/miniconda3/lib/pyre_check/typeshed/third_party/2and3 -exclude ./src/util.py .`
2019-08-31 19:53:26,472 INFO Parsing 859 stubs and sources...
2019-08-31 19:53:27,794 PERFORMANCE Sources parsed: 1.427000s
2019-08-31 19:53:27,795 INFO Adding built-in environment information to shared memory...
2019-08-31 19:53:27,795 PERFORMANCE Added environment to shared memory: 0.001000s
2019-08-31 19:53:27,896 INFO Building type environment...
2019-08-31 19:53:30,000 PERFORMANCE Full environment built: 2.178000s
2019-08-31 19:53:30,000 PERFORMANCE Registered ignores: 0.025000s
2019-08-31 19:53:30,001 INFO Checking 44 sources...
2019-08-31 19:53:30,106 INFO Running check `TypeCheck`...
2019-08-31 19:53:30,507 INFO Processed 44 of 44 sources
2019-08-31 19:53:30,507 PERFORMANCE Check_TypeCheck: 0.506000s
2019-08-31 19:53:30,507 MEMORY Shared memory size post-typecheck (size: 15)
2019-08-31 19:53:30,536 PERFORMANCE Analyzed sources: 0.506000s
2019-08-31 19:53:30,549 PERFORMANCE Postprocessed: 0.029000s
2019-08-31 19:53:30,566 PERFORMANCE Check: 4.241000s
2019-08-31 19:53:30,567 ERROR Found 8 type errors!

2019-08-31 19:53:41,893 DEBUG Reading configuration `.pyre_configuration`...
2019-08-31 19:53:41,893 DEBUG Found source_directories: `.`
2019-08-31 19:53:41,894 DEBUG Running `/Users/tyleryep/miniconda3/bin/pyre.bin check -logging-sections parser -project-root /Users/tyleryep/Documents/Github/wolfbot -filter-directories /Users/tyleryep/Documents/Github/wolfbot -workers 1 -search-path /Users/tyleryep/miniconda3/lib/pyre_check/typeshed/stdlib/3.7,/Users/tyleryep/miniconda3/lib/pyre_check/typeshed/stdlib/3.6,/Users/tyleryep/miniconda3/lib/pyre_check/typeshed/stdlib/3,/Users/tyleryep/miniconda3/lib/pyre_check/typeshed/stdlib/2and3,/Users/tyleryep/miniconda3/lib/pyre_check/typeshed/third_party/3,/Users/tyleryep/miniconda3/lib/pyre_check/typeshed/third_party/2and3 -exclude .*util.* .`
2019-08-31 19:53:42,091 INFO Parsing 768 stubs and sources...
2019-08-31 19:53:43,301 PERFORMANCE Sources parsed: 1.315000s
2019-08-31 19:53:43,302 INFO Adding built-in environment information to shared memory...
2019-08-31 19:53:43,303 PERFORMANCE Added environment to shared memory: 0.001000s
2019-08-31 19:53:43,406 INFO Building type environment...
2019-08-31 19:53:45,331 PERFORMANCE Full environment built: 2.002000s
2019-08-31 19:53:45,336 PERFORMANCE Registered ignores: 0.025000s
2019-08-31 19:53:45,337 INFO Checking 42 sources...
2019-08-31 19:53:45,441 INFO Running check `TypeCheck`...
2019-08-31 19:53:45,823 INFO Processed 42 of 42 sources
2019-08-31 19:53:45,824 PERFORMANCE Check_TypeCheck: 0.492000s
2019-08-31 19:53:45,824 MEMORY Shared memory size post-typecheck (size: 14)
2019-08-31 19:53:45,849 PERFORMANCE Analyzed sources: 0.492000s
2019-08-31 19:53:45,861 PERFORMANCE Postprocessed: 0.025000s
2019-08-31 19:53:45,876 PERFORMANCE Check: 3.936000s
2019-08-31 19:53:45,877 ERROR Found 3 type errors!

2019-08-31 19:54:54,333 DEBUG Reading configuration `.pyre_configuration`...
2019-08-31 19:54:54,334 DEBUG Found source_directories: `.`
2019-08-31 19:54:54,335 DEBUG Running `/Users/tyleryep/miniconda3/bin/pyre.bin check -logging-sections parser -project-root /Users/tyleryep/Documents/Github/wolfbot -filter-directories /Users/tyleryep/Documents/Github/wolfbot -workers 1 -search-path /Users/tyleryep/miniconda3/lib/pyre_check/typeshed/stdlib/3.7,/Users/tyleryep/miniconda3/lib/pyre_check/typeshed/stdlib/3.6,/Users/tyleryep/miniconda3/lib/pyre_check/typeshed/stdlib/3,/Users/tyleryep/miniconda3/lib/pyre_check/typeshed/stdlib/2and3,/Users/tyleryep/miniconda3/lib/pyre_check/typeshed/third_party/3,/Users/tyleryep/miniconda3/lib/pyre_check/typeshed/third_party/2and3 .`
2019-08-31 19:54:54,550 INFO Parsing 859 stubs and sources...
2019-08-31 19:54:56,420 ERROR Could not parse file at src/util.py:20:59-20:59
  def get_player(self_obj: 'Player', vals_to_exclude: Tuple[] = ()) -> int:
                                                            ^

2019-08-31 19:54:56,420 WARNING Could not parse 1 file due to syntax errors!

2019-08-31 19:54:56,420 PERFORMANCE Sources parsed: 1.973000s
2019-08-31 19:54:56,421 INFO Adding built-in environment information to shared memory...
2019-08-31 19:54:56,421 PERFORMANCE Added environment to shared memory: 0.001000s
2019-08-31 19:54:56,522 INFO Building type environment...
2019-08-31 19:54:58,701 PERFORMANCE Full environment built: 2.253000s
2019-08-31 19:54:58,701 PERFORMANCE Registered ignores: 0.025000s
2019-08-31 19:54:58,701 INFO Checking 43 sources...
2019-08-31 19:54:58,805 INFO Running check `TypeCheck`...
2019-08-31 19:54:59,191 INFO Processed 43 of 43 sources
2019-08-31 19:54:59,192 PERFORMANCE Check_TypeCheck: 0.490000s
2019-08-31 19:54:59,192 MEMORY Shared memory size post-typecheck (size: 15)
2019-08-31 19:54:59,220 PERFORMANCE Analyzed sources: 0.490000s
2019-08-31 19:54:59,233 PERFORMANCE Postprocessed: 0.028000s
2019-08-31 19:54:59,255 PERFORMANCE Check: 4.848000s
2019-08-31 19:54:59,256 ERROR Found 3 type errors!

2019-08-31 19:55:12,292 DEBUG Reading configuration `.pyre_configuration`...
2019-08-31 19:55:12,293 DEBUG Found source_directories: `.`
2019-08-31 19:55:12,294 DEBUG Running `/Users/tyleryep/miniconda3/bin/pyre.bin check -logging-sections parser -project-root /Users/tyleryep/Documents/Github/wolfbot -filter-directories /Users/tyleryep/Documents/Github/wolfbot -workers 1 -search-path /Users/tyleryep/miniconda3/lib/pyre_check/typeshed/stdlib/3.7,/Users/tyleryep/miniconda3/lib/pyre_check/typeshed/stdlib/3.6,/Users/tyleryep/miniconda3/lib/pyre_check/typeshed/stdlib/3,/Users/tyleryep/miniconda3/lib/pyre_check/typeshed/stdlib/2and3,/Users/tyleryep/miniconda3/lib/pyre_check/typeshed/third_party/3,/Users/tyleryep/miniconda3/lib/pyre_check/typeshed/third_party/2and3 .`
2019-08-31 19:55:12,498 INFO Parsing 859 stubs and sources...
2019-08-31 19:55:14,024 PERFORMANCE Sources parsed: 1.634000s
2019-08-31 19:55:14,025 INFO Adding built-in environment information to shared memory...
2019-08-31 19:55:14,025 PERFORMANCE Added environment to shared memory: 0.001000s
2019-08-31 19:55:14,126 INFO Building type environment...
2019-08-31 19:55:16,291 PERFORMANCE Full environment built: 2.237000s
2019-08-31 19:55:16,291 PERFORMANCE Registered ignores: 0.028000s
2019-08-31 19:55:16,291 INFO Checking 44 sources...
2019-08-31 19:55:16,392 INFO Running check `TypeCheck`...
2019-08-31 19:55:16,836 INFO Processed 44 of 44 sources
2019-08-31 19:55:16,836 PERFORMANCE Check_TypeCheck: 0.545000s
2019-08-31 19:55:16,837 MEMORY Shared memory size post-typecheck (size: 15)
2019-08-31 19:55:16,865 PERFORMANCE Analyzed sources: 0.545000s
2019-08-31 19:55:16,878 PERFORMANCE Postprocessed: 0.029000s
2019-08-31 19:55:16,894 PERFORMANCE Check: 4.555000s
2019-08-31 19:55:16,895 ERROR Found 9 type errors!

2019-08-31 19:55:27,285 DEBUG Reading configuration `.pyre_configuration`...
2019-08-31 19:55:27,286 DEBUG Found source_directories: `.`
2019-08-31 19:55:27,286 DEBUG Running `/Users/tyleryep/miniconda3/bin/pyre.bin check -logging-sections parser -project-root /Users/tyleryep/Documents/Github/wolfbot -filter-directories /Users/tyleryep/Documents/Github/wolfbot -workers 1 -search-path /Users/tyleryep/miniconda3/lib/pyre_check/typeshed/stdlib/3.7,/Users/tyleryep/miniconda3/lib/pyre_check/typeshed/stdlib/3.6,/Users/tyleryep/miniconda3/lib/pyre_check/typeshed/stdlib/3,/Users/tyleryep/miniconda3/lib/pyre_check/typeshed/stdlib/2and3,/Users/tyleryep/miniconda3/lib/pyre_check/typeshed/third_party/3,/Users/tyleryep/miniconda3/lib/pyre_check/typeshed/third_party/2and3 .`
2019-08-31 19:55:27,487 INFO Parsing 859 stubs and sources...
2019-08-31 19:55:28,822 PERFORMANCE Sources parsed: 1.439000s
2019-08-31 19:55:28,823 INFO Adding built-in environment information to shared memory...
2019-08-31 19:55:28,823 PERFORMANCE Added environment to shared memory: 0.001000s
2019-08-31 19:55:28,923 INFO Building type environment...
2019-08-31 19:55:31,062 PERFORMANCE Full environment built: 2.212000s
2019-08-31 19:55:31,068 PERFORMANCE Registered ignores: 0.025000s
2019-08-31 19:55:31,068 INFO Checking 44 sources...
2019-08-31 19:55:31,173 INFO Running check `TypeCheck`...
2019-08-31 19:55:31,566 INFO Processed 44 of 44 sources
2019-08-31 19:55:31,566 PERFORMANCE Check_TypeCheck: 0.503000s
2019-08-31 19:55:31,566 MEMORY Shared memory size post-typecheck (size: 15)
2019-08-31 19:55:31,594 PERFORMANCE Analyzed sources: 0.503000s
2019-08-31 19:55:31,607 PERFORMANCE Postprocessed: 0.028000s
2019-08-31 19:55:31,625 PERFORMANCE Check: 4.287000s
2019-08-31 19:55:31,626 ERROR Found 8 type errors!

2019-08-31 19:56:00,006 DEBUG Reading configuration `.pyre_configuration`...
2019-08-31 19:56:00,007 DEBUG Found source_directories: `.`
2019-08-31 19:56:00,007 DEBUG Running `/Users/tyleryep/miniconda3/bin/pyre.bin check -logging-sections parser -project-root /Users/tyleryep/Documents/Github/wolfbot -filter-directories /Users/tyleryep/Documents/Github/wolfbot -workers 1 -search-path /Users/tyleryep/miniconda3/lib/pyre_check/typeshed/stdlib/3.7,/Users/tyleryep/miniconda3/lib/pyre_check/typeshed/stdlib/3.6,/Users/tyleryep/miniconda3/lib/pyre_check/typeshed/stdlib/3,/Users/tyleryep/miniconda3/lib/pyre_check/typeshed/stdlib/2and3,/Users/tyleryep/miniconda3/lib/pyre_check/typeshed/third_party/3,/Users/tyleryep/miniconda3/lib/pyre_check/typeshed/third_party/2and3 .`
2019-08-31 19:56:00,222 INFO Parsing 859 stubs and sources...
2019-08-31 19:56:01,575 PERFORMANCE Sources parsed: 1.457000s
2019-08-31 19:56:01,576 INFO Adding built-in environment information to shared memory...
2019-08-31 19:56:01,576 PERFORMANCE Added environment to shared memory: 0.001000s
2019-08-31 19:56:01,677 INFO Building type environment...
2019-08-31 19:56:03,814 PERFORMANCE Full environment built: 2.212000s
2019-08-31 19:56:03,814 PERFORMANCE Registered ignores: 0.025000s
2019-08-31 19:56:03,815 INFO Checking 44 sources...
2019-08-31 19:56:03,918 INFO Running check `TypeCheck`...
2019-08-31 19:56:04,314 INFO Processed 44 of 44 sources
2019-08-31 19:56:04,314 PERFORMANCE Check_TypeCheck: 0.500000s
2019-08-31 19:56:04,315 MEMORY Shared memory size post-typecheck (size: 15)
2019-08-31 19:56:04,343 PERFORMANCE Analyzed sources: 0.500000s
2019-08-31 19:56:04,355 PERFORMANCE Postprocessed: 0.028000s
2019-08-31 19:56:04,373 PERFORMANCE Check: 4.298000s
2019-08-31 19:56:04,374 ERROR Found 2 type errors!

2019-08-31 19:59:14,113 DEBUG Reading configuration `.pyre_configuration`...
2019-08-31 19:59:14,114 DEBUG Found source_directories: `.`
2019-08-31 19:59:14,115 DEBUG Running `/Users/tyleryep/miniconda3/bin/pyre.bin check -logging-sections parser -project-root /Users/tyleryep/Documents/Github/wolfbot -filter-directories /Users/tyleryep/Documents/Github/wolfbot -workers 1 -search-path /Users/tyleryep/miniconda3/lib/pyre_check/typeshed/stdlib/3.7,/Users/tyleryep/miniconda3/lib/pyre_check/typeshed/stdlib/3.6,/Users/tyleryep/miniconda3/lib/pyre_check/typeshed/stdlib/3,/Users/tyleryep/miniconda3/lib/pyre_check/typeshed/stdlib/2and3,/Users/tyleryep/miniconda3/lib/pyre_check/typeshed/third_party/3,/Users/tyleryep/miniconda3/lib/pyre_check/typeshed/third_party/2and3 .`
2019-08-31 19:59:14,376 INFO Parsing 859 stubs and sources...
2019-08-31 19:59:16,406 PERFORMANCE Sources parsed: 2.136000s
2019-08-31 19:59:16,407 INFO Adding built-in environment information to shared memory...
2019-08-31 19:59:16,407 PERFORMANCE Added environment to shared memory: 0.001000s
2019-08-31 19:59:16,508 INFO Building type environment...
2019-08-31 19:59:18,841 PERFORMANCE Full environment built: 2.403000s
2019-08-31 19:59:18,849 PERFORMANCE Registered ignores: 0.027000s
2019-08-31 19:59:18,850 INFO Checking 44 sources...
2019-08-31 19:59:18,954 INFO Running check `TypeCheck`...
2019-08-31 19:59:19,387 INFO Processed 44 of 44 sources
2019-08-31 19:59:19,388 PERFORMANCE Check_TypeCheck: 0.545000s
2019-08-31 19:59:19,388 MEMORY Shared memory size post-typecheck (size: 15)
2019-08-31 19:59:19,420 PERFORMANCE Analyzed sources: 0.545000s
2019-08-31 19:59:19,434 PERFORMANCE Postprocessed: 0.032000s
2019-08-31 19:59:19,455 PERFORMANCE Check: 5.229000s
2019-08-31 19:59:19,455 ERROR Found 2 type errors!

2019-08-31 20:03:58,732 DEBUG Reading configuration `.pyre_configuration`...
2019-08-31 20:03:58,733 DEBUG Found source_directories: `.`
2019-08-31 20:03:58,733 DEBUG Running `/Users/tyleryep/miniconda3/bin/pyre.bin check -logging-sections parser -project-root /Users/tyleryep/Documents/Github/wolfbot -filter-directories /Users/tyleryep/Documents/Github/wolfbot -workers 1 -search-path /Users/tyleryep/miniconda3/lib/pyre_check/typeshed/stdlib/3.7,/Users/tyleryep/miniconda3/lib/pyre_check/typeshed/stdlib/3.6,/Users/tyleryep/miniconda3/lib/pyre_check/typeshed/stdlib/3,/Users/tyleryep/miniconda3/lib/pyre_check/typeshed/stdlib/2and3,/Users/tyleryep/miniconda3/lib/pyre_check/typeshed/third_party/3,/Users/tyleryep/miniconda3/lib/pyre_check/typeshed/third_party/2and3 .`
2019-08-31 20:03:58,947 INFO Parsing 859 stubs and sources...
2019-08-31 20:04:00,294 PERFORMANCE Sources parsed: 1.452000s
2019-08-31 20:04:00,295 INFO Adding built-in environment information to shared memory...
2019-08-31 20:04:00,295 PERFORMANCE Added environment to shared memory: 0.001000s
2019-08-31 20:04:00,397 INFO Building type environment...
2019-08-31 20:04:02,542 PERFORMANCE Full environment built: 2.221000s
2019-08-31 20:04:02,543 PERFORMANCE Registered ignores: 0.025000s
2019-08-31 20:04:02,543 INFO Checking 44 sources...
2019-08-31 20:04:02,648 INFO Running check `TypeCheck`...
2019-08-31 20:04:03,052 INFO Processed 44 of 44 sources
2019-08-31 20:04:03,052 PERFORMANCE Check_TypeCheck: 0.509000s
2019-08-31 20:04:03,052 MEMORY Shared memory size post-typecheck (size: 15)
2019-08-31 20:04:03,080 PERFORMANCE Analyzed sources: 0.509000s
2019-08-31 20:04:03,093 PERFORMANCE Postprocessed: 0.028000s
2019-08-31 20:04:03,111 PERFORMANCE Check: 4.315000s
2019-08-31 20:04:03,111 ERROR Found 4 type errors!

2019-08-31 20:05:31,035 DEBUG Reading configuration `.pyre_configuration`...
2019-08-31 20:05:31,035 DEBUG Found source_directories: `.`
2019-08-31 20:05:31,036 DEBUG Running `/Users/tyleryep/miniconda3/bin/pyre.bin check -logging-sections parser -project-root /Users/tyleryep/Documents/Github/wolfbot -filter-directories /Users/tyleryep/Documents/Github/wolfbot -workers 1 -search-path /Users/tyleryep/miniconda3/lib/pyre_check/typeshed/stdlib/3.7,/Users/tyleryep/miniconda3/lib/pyre_check/typeshed/stdlib/3.6,/Users/tyleryep/miniconda3/lib/pyre_check/typeshed/stdlib/3,/Users/tyleryep/miniconda3/lib/pyre_check/typeshed/stdlib/2and3,/Users/tyleryep/miniconda3/lib/pyre_check/typeshed/third_party/3,/Users/tyleryep/miniconda3/lib/pyre_check/typeshed/third_party/2and3 .`
2019-08-31 20:05:31,265 INFO Parsing 859 stubs and sources...
2019-08-31 20:05:32,778 PERFORMANCE Sources parsed: 1.615000s
2019-08-31 20:05:32,783 INFO Adding built-in environment information to shared memory...
2019-08-31 20:05:32,783 PERFORMANCE Added environment to shared memory: 0.001000s
2019-08-31 20:05:32,885 INFO Building type environment...
2019-08-31 20:05:35,390 PERFORMANCE Full environment built: 2.583000s
2019-08-31 20:05:35,390 PERFORMANCE Registered ignores: 0.025000s
2019-08-31 20:05:35,390 INFO Checking 44 sources...
2019-08-31 20:05:35,494 INFO Running check `TypeCheck`...
2019-08-31 20:05:35,924 INFO Processed 44 of 44 sources
2019-08-31 20:05:35,924 PERFORMANCE Check_TypeCheck: 0.533000s
2019-08-31 20:05:35,924 MEMORY Shared memory size post-typecheck (size: 15)
2019-08-31 20:05:35,956 PERFORMANCE Analyzed sources: 0.533000s
2019-08-31 20:05:35,971 PERFORMANCE Postprocessed: 0.032000s
2019-08-31 20:05:35,999 PERFORMANCE Check: 4.870000s
2019-08-31 20:05:36,000 ERROR Found 8 type errors!

2019-08-31 20:07:01,668 DEBUG Reading configuration `.pyre_configuration`...
2019-08-31 20:07:01,677 DEBUG Found source_directories: `.`
2019-08-31 20:07:01,678 DEBUG Running `/Users/tyleryep/miniconda3/bin/pyre.bin check -logging-sections parser -project-root /Users/tyleryep/Documents/Github/wolfbot -filter-directories /Users/tyleryep/Documents/Github/wolfbot -workers 1 -search-path /Users/tyleryep/miniconda3/lib/pyre_check/typeshed/stdlib/3.7,/Users/tyleryep/miniconda3/lib/pyre_check/typeshed/stdlib/3.6,/Users/tyleryep/miniconda3/lib/pyre_check/typeshed/stdlib/3,/Users/tyleryep/miniconda3/lib/pyre_check/typeshed/stdlib/2and3,/Users/tyleryep/miniconda3/lib/pyre_check/typeshed/third_party/3,/Users/tyleryep/miniconda3/lib/pyre_check/typeshed/third_party/2and3 .`
2019-08-31 20:07:01,875 INFO Parsing 859 stubs and sources...
2019-08-31 20:07:03,229 PERFORMANCE Sources parsed: 1.460000s
2019-08-31 20:07:03,230 INFO Adding built-in environment information to shared memory...
2019-08-31 20:07:03,230 PERFORMANCE Added environment to shared memory: 0.001000s
2019-08-31 20:07:03,331 INFO Building type environment...
2019-08-31 20:07:05,482 PERFORMANCE Full environment built: 2.225000s
2019-08-31 20:07:05,483 PERFORMANCE Registered ignores: 0.025000s
2019-08-31 20:07:05,483 INFO Checking 44 sources...
2019-08-31 20:07:05,587 INFO Running check `TypeCheck`...
2019-08-31 20:07:05,989 INFO Processed 44 of 44 sources
2019-08-31 20:07:05,990 PERFORMANCE Check_TypeCheck: 0.506000s
2019-08-31 20:07:05,990 MEMORY Shared memory size post-typecheck (size: 15)
2019-08-31 20:07:06,018 PERFORMANCE Analyzed sources: 0.506000s
2019-08-31 20:07:06,031 PERFORMANCE Postprocessed: 0.028000s
2019-08-31 20:07:06,048 PERFORMANCE Check: 4.321000s
2019-08-31 20:07:06,049 ERROR Found 8 type errors!

2019-08-31 20:07:57,715 DEBUG Reading configuration `.pyre_configuration`...
2019-08-31 20:07:57,716 DEBUG Found source_directories: `.`
2019-08-31 20:07:57,718 DEBUG Running `/Users/tyleryep/miniconda3/bin/pyre.bin check -logging-sections parser -project-root /Users/tyleryep/Documents/Github/wolfbot -filter-directories /Users/tyleryep/Documents/Github/wolfbot -workers 1 -search-path /Users/tyleryep/miniconda3/lib/pyre_check/typeshed/stdlib/3.7,/Users/tyleryep/miniconda3/lib/pyre_check/typeshed/stdlib/3.6,/Users/tyleryep/miniconda3/lib/pyre_check/typeshed/stdlib/3,/Users/tyleryep/miniconda3/lib/pyre_check/typeshed/stdlib/2and3,/Users/tyleryep/miniconda3/lib/pyre_check/typeshed/third_party/3,/Users/tyleryep/miniconda3/lib/pyre_check/typeshed/third_party/2and3 .`
2019-08-31 20:07:57,914 INFO Parsing 859 stubs and sources...
2019-08-31 20:07:59,235 PERFORMANCE Sources parsed: 1.423000s
2019-08-31 20:07:59,236 INFO Adding built-in environment information to shared memory...
2019-08-31 20:07:59,236 PERFORMANCE Added environment to shared memory: 0.001000s
2019-08-31 20:07:59,339 INFO Building type environment...
2019-08-31 20:08:01,525 PERFORMANCE Full environment built: 2.261000s
2019-08-31 20:08:01,531 PERFORMANCE Registered ignores: 0.026000s
2019-08-31 20:08:01,531 INFO Checking 44 sources...
2019-08-31 20:08:01,633 INFO Running check `TypeCheck`...
2019-08-31 20:08:02,039 INFO Processed 44 of 44 sources
2019-08-31 20:08:02,039 PERFORMANCE Check_TypeCheck: 0.513000s
2019-08-31 20:08:02,039 MEMORY Shared memory size post-typecheck (size: 15)
2019-08-31 20:08:02,068 PERFORMANCE Analyzed sources: 0.513000s
2019-08-31 20:08:02,081 PERFORMANCE Postprocessed: 0.029000s
2019-08-31 20:08:02,100 PERFORMANCE Check: 4.333000s
2019-08-31 20:08:02,101 ERROR Found 8 type errors!

2019-08-31 20:09:18,205 DEBUG Reading configuration `.pyre_configuration`...
2019-08-31 20:09:18,205 DEBUG Found source_directories: `.`
2019-08-31 20:09:18,206 DEBUG Running `/Users/tyleryep/miniconda3/bin/pyre.bin check -logging-sections parser -project-root /Users/tyleryep/Documents/Github/wolfbot -filter-directories /Users/tyleryep/Documents/Github/wolfbot -workers 1 -search-path /Users/tyleryep/miniconda3/lib/pyre_check/typeshed/stdlib/3.7,/Users/tyleryep/miniconda3/lib/pyre_check/typeshed/stdlib/3.6,/Users/tyleryep/miniconda3/lib/pyre_check/typeshed/stdlib/3,/Users/tyleryep/miniconda3/lib/pyre_check/typeshed/stdlib/2and3,/Users/tyleryep/miniconda3/lib/pyre_check/typeshed/third_party/3,/Users/tyleryep/miniconda3/lib/pyre_check/typeshed/third_party/2and3 .`
2019-08-31 20:09:18,453 INFO Parsing 859 stubs and sources...
2019-08-31 20:09:19,771 PERFORMANCE Sources parsed: 1.426000s
2019-08-31 20:09:19,772 INFO Adding built-in environment information to shared memory...
2019-08-31 20:09:19,772 PERFORMANCE Added environment to shared memory: 0.001000s
2019-08-31 20:09:19,875 INFO Building type environment...
2019-08-31 20:09:22,015 PERFORMANCE Full environment built: 2.215000s
2019-08-31 20:09:22,020 PERFORMANCE Registered ignores: 0.025000s
2019-08-31 20:09:22,021 INFO Checking 44 sources...
2019-08-31 20:09:22,121 INFO Running check `TypeCheck`...
2019-08-31 20:09:22,521 INFO Processed 44 of 44 sources
2019-08-31 20:09:22,521 PERFORMANCE Check_TypeCheck: 0.505000s
2019-08-31 20:09:22,522 MEMORY Shared memory size post-typecheck (size: 15)
2019-08-31 20:09:22,550 PERFORMANCE Analyzed sources: 0.505000s
2019-08-31 20:09:22,563 PERFORMANCE Postprocessed: 0.029000s
2019-08-31 20:09:22,584 PERFORMANCE Check: 4.287000s
2019-08-31 20:09:22,585 ERROR Found 8 type errors!

2019-08-31 20:11:21,420 DEBUG Reading configuration `.pyre_configuration`...
2019-08-31 20:11:21,420 DEBUG Found source_directories: `.`
2019-08-31 20:11:21,422 DEBUG Running `/Users/tyleryep/miniconda3/bin/pyre.bin check -logging-sections parser -project-root /Users/tyleryep/Documents/Github/wolfbot -filter-directories /Users/tyleryep/Documents/Github/wolfbot -workers 1 -search-path /Users/tyleryep/miniconda3/lib/pyre_check/typeshed/stdlib/3.7,/Users/tyleryep/miniconda3/lib/pyre_check/typeshed/stdlib/3.6,/Users/tyleryep/miniconda3/lib/pyre_check/typeshed/stdlib/3,/Users/tyleryep/miniconda3/lib/pyre_check/typeshed/stdlib/2and3,/Users/tyleryep/miniconda3/lib/pyre_check/typeshed/third_party/3,/Users/tyleryep/miniconda3/lib/pyre_check/typeshed/third_party/2and3 .`
2019-08-31 20:11:21,687 INFO Parsing 859 stubs and sources...
2019-08-31 20:11:23,056 PERFORMANCE Sources parsed: 1.476000s
2019-08-31 20:11:23,057 INFO Adding built-in environment information to shared memory...
2019-08-31 20:11:23,057 PERFORMANCE Added environment to shared memory: 0.001000s
2019-08-31 20:11:23,160 INFO Building type environment...
2019-08-31 20:11:25,355 PERFORMANCE Full environment built: 2.270000s
2019-08-31 20:11:25,355 PERFORMANCE Registered ignores: 0.026000s
2019-08-31 20:11:25,355 INFO Checking 44 sources...
2019-08-31 20:11:25,460 INFO Running check `TypeCheck`...
2019-08-31 20:11:25,863 INFO Processed 44 of 44 sources
2019-08-31 20:11:25,864 PERFORMANCE Check_TypeCheck: 0.508000s
2019-08-31 20:11:25,864 MEMORY Shared memory size post-typecheck (size: 15)
2019-08-31 20:11:25,892 PERFORMANCE Analyzed sources: 0.508000s
2019-08-31 20:11:25,904 PERFORMANCE Postprocessed: 0.028000s
2019-08-31 20:11:25,927 PERFORMANCE Check: 4.456000s
2019-08-31 20:11:25,928 ERROR Found 7 type errors!

2019-08-31 20:12:14,087 DEBUG Reading configuration `.pyre_configuration`...
2019-08-31 20:12:14,088 DEBUG Found source_directories: `.`
2019-08-31 20:12:14,088 DEBUG Running `/Users/tyleryep/miniconda3/bin/pyre.bin check -logging-sections parser -project-root /Users/tyleryep/Documents/Github/wolfbot -filter-directories /Users/tyleryep/Documents/Github/wolfbot -workers 1 -search-path /Users/tyleryep/miniconda3/lib/pyre_check/typeshed/stdlib/3.7,/Users/tyleryep/miniconda3/lib/pyre_check/typeshed/stdlib/3.6,/Users/tyleryep/miniconda3/lib/pyre_check/typeshed/stdlib/3,/Users/tyleryep/miniconda3/lib/pyre_check/typeshed/stdlib/2and3,/Users/tyleryep/miniconda3/lib/pyre_check/typeshed/third_party/3,/Users/tyleryep/miniconda3/lib/pyre_check/typeshed/third_party/2and3 .`
2019-08-31 20:12:14,323 INFO Parsing 859 stubs and sources...
2019-08-31 20:12:15,677 PERFORMANCE Sources parsed: 1.461000s
2019-08-31 20:12:15,678 INFO Adding built-in environment information to shared memory...
2019-08-31 20:12:15,679 PERFORMANCE Added environment to shared memory: 0.001000s
2019-08-31 20:12:15,779 INFO Building type environment...
2019-08-31 20:12:17,944 PERFORMANCE Full environment built: 2.238000s
2019-08-31 20:12:17,945 PERFORMANCE Registered ignores: 0.026000s
2019-08-31 20:12:17,945 INFO Checking 44 sources...
2019-08-31 20:12:18,046 INFO Running check `TypeCheck`...
2019-08-31 20:12:18,460 INFO Processed 44 of 44 sources
2019-08-31 20:12:18,469 PERFORMANCE Check_TypeCheck: 0.515000s
2019-08-31 20:12:18,469 MEMORY Shared memory size post-typecheck (size: 15)
2019-08-31 20:12:18,488 PERFORMANCE Analyzed sources: 0.515000s
2019-08-31 20:12:18,501 PERFORMANCE Postprocessed: 0.028000s
2019-08-31 20:12:18,520 PERFORMANCE Check: 4.351000s
2019-08-31 20:12:18,521 ERROR Found 7 type errors!

2019-08-31 20:13:03,542 DEBUG Reading configuration `.pyre_configuration`...
2019-08-31 20:13:03,543 DEBUG Found source_directories: `.`
2019-08-31 20:13:03,544 DEBUG Running `/Users/tyleryep/miniconda3/bin/pyre.bin check -logging-sections parser -project-root /Users/tyleryep/Documents/Github/wolfbot -filter-directories /Users/tyleryep/Documents/Github/wolfbot -workers 1 -search-path /Users/tyleryep/miniconda3/lib/pyre_check/typeshed/stdlib/3.7,/Users/tyleryep/miniconda3/lib/pyre_check/typeshed/stdlib/3.6,/Users/tyleryep/miniconda3/lib/pyre_check/typeshed/stdlib/3,/Users/tyleryep/miniconda3/lib/pyre_check/typeshed/stdlib/2and3,/Users/tyleryep/miniconda3/lib/pyre_check/typeshed/third_party/3,/Users/tyleryep/miniconda3/lib/pyre_check/typeshed/third_party/2and3 .`
2019-08-31 20:13:03,739 INFO Parsing 859 stubs and sources...
2019-08-31 20:13:05,090 PERFORMANCE Sources parsed: 1.454000s
2019-08-31 20:13:05,091 INFO Adding built-in environment information to shared memory...
2019-08-31 20:13:05,091 PERFORMANCE Added environment to shared memory: 0.001000s
2019-08-31 20:13:05,196 INFO Building type environment...
2019-08-31 20:13:07,366 PERFORMANCE Full environment built: 2.249000s
2019-08-31 20:13:07,367 PERFORMANCE Registered ignores: 0.025000s
2019-08-31 20:13:07,367 INFO Checking 44 sources...
2019-08-31 20:13:07,471 INFO Running check `TypeCheck`...
2019-08-31 20:13:07,872 INFO Processed 44 of 44 sources
2019-08-31 20:13:07,872 PERFORMANCE Check_TypeCheck: 0.505000s
2019-08-31 20:13:07,873 MEMORY Shared memory size post-typecheck (size: 15)
2019-08-31 20:13:07,900 PERFORMANCE Analyzed sources: 0.505000s
2019-08-31 20:13:07,913 PERFORMANCE Postprocessed: 0.028000s
2019-08-31 20:13:07,934 PERFORMANCE Check: 4.341000s
2019-08-31 20:13:07,935 ERROR Found 6 type errors!

2019-08-31 20:17:16,095 DEBUG Reading configuration `.pyre_configuration`...
2019-08-31 20:17:16,096 DEBUG Found source_directories: `.`
2019-08-31 20:17:16,098 DEBUG Running `/Users/tyleryep/miniconda3/bin/pyre.bin check -logging-sections parser -project-root /Users/tyleryep/Documents/Github/wolfbot -filter-directories /Users/tyleryep/Documents/Github/wolfbot -workers 1 -search-path /Users/tyleryep/miniconda3/lib/pyre_check/typeshed/stdlib/3.7,/Users/tyleryep/miniconda3/lib/pyre_check/typeshed/stdlib/3.6,/Users/tyleryep/miniconda3/lib/pyre_check/typeshed/stdlib/3,/Users/tyleryep/miniconda3/lib/pyre_check/typeshed/stdlib/2and3,/Users/tyleryep/miniconda3/lib/pyre_check/typeshed/third_party/3,/Users/tyleryep/miniconda3/lib/pyre_check/typeshed/third_party/2and3 .`
2019-08-31 20:17:16,480 INFO Parsing 859 stubs and sources...
2019-08-31 20:17:18,515 PERFORMANCE Sources parsed: 2.142000s
2019-08-31 20:17:18,524 INFO Adding built-in environment information to shared memory...
2019-08-31 20:17:18,524 PERFORMANCE Added environment to shared memory: 0.001000s
2019-08-31 20:17:18,625 INFO Building type environment...
2019-08-31 20:17:20,795 PERFORMANCE Full environment built: 2.251000s
2019-08-31 20:17:20,800 PERFORMANCE Registered ignores: 0.026000s
2019-08-31 20:17:20,800 INFO Checking 44 sources...
2019-08-31 20:17:20,905 INFO Running check `TypeCheck`...
2019-08-31 20:17:21,302 INFO Processed 44 of 44 sources
2019-08-31 20:17:21,302 PERFORMANCE Check_TypeCheck: 0.507000s
2019-08-31 20:17:21,302 MEMORY Shared memory size post-typecheck (size: 15)
2019-08-31 20:17:21,331 PERFORMANCE Analyzed sources: 0.507000s
2019-08-31 20:17:21,344 PERFORMANCE Postprocessed: 0.029000s
2019-08-31 20:17:21,366 PERFORMANCE Check: 5.130000s
2019-08-31 20:17:21,367 ERROR Found 6 type errors!

2019-08-31 20:18:24,233 DEBUG Reading configuration `.pyre_configuration`...
2019-08-31 20:18:24,233 DEBUG Found source_directories: `.`
2019-08-31 20:18:24,234 DEBUG Running `/Users/tyleryep/miniconda3/bin/pyre.bin check -logging-sections parser -project-root /Users/tyleryep/Documents/Github/wolfbot -filter-directories /Users/tyleryep/Documents/Github/wolfbot -workers 1 -search-path /Users/tyleryep/miniconda3/lib/pyre_check/typeshed/stdlib/3.7,/Users/tyleryep/miniconda3/lib/pyre_check/typeshed/stdlib/3.6,/Users/tyleryep/miniconda3/lib/pyre_check/typeshed/stdlib/3,/Users/tyleryep/miniconda3/lib/pyre_check/typeshed/stdlib/2and3,/Users/tyleryep/miniconda3/lib/pyre_check/typeshed/third_party/3,/Users/tyleryep/miniconda3/lib/pyre_check/typeshed/third_party/2and3 .`
2019-08-31 20:18:24,429 INFO Parsing 859 stubs and sources...
2019-08-31 20:18:25,786 PERFORMANCE Sources parsed: 1.460000s
2019-08-31 20:18:25,787 INFO Adding built-in environment information to shared memory...
2019-08-31 20:18:25,787 PERFORMANCE Added environment to shared memory: 0.001000s
2019-08-31 20:18:25,889 INFO Building type environment...
2019-08-31 20:18:28,033 PERFORMANCE Full environment built: 2.220000s
2019-08-31 20:18:28,033 PERFORMANCE Registered ignores: 0.025000s
2019-08-31 20:18:28,034 INFO Checking 44 sources...
2019-08-31 20:18:28,138 INFO Running check `TypeCheck`...
2019-08-31 20:18:28,561 INFO Processed 44 of 44 sources
2019-08-31 20:18:28,562 PERFORMANCE Check_TypeCheck: 0.527000s
2019-08-31 20:18:28,562 MEMORY Shared memory size post-typecheck (size: 15)
2019-08-31 20:18:28,590 PERFORMANCE Analyzed sources: 0.527000s
2019-08-31 20:18:28,603 PERFORMANCE Postprocessed: 0.029000s
2019-08-31 20:18:28,622 PERFORMANCE Check: 4.336000s
2019-08-31 20:18:28,623 ERROR Found 6 type errors!

2019-08-31 20:18:47,676 DEBUG Reading configuration `.pyre_configuration`...
2019-08-31 20:18:47,676 DEBUG Found source_directories: `.`
2019-08-31 20:18:47,677 DEBUG Running `/Users/tyleryep/miniconda3/bin/pyre.bin check -logging-sections parser -project-root /Users/tyleryep/Documents/Github/wolfbot -filter-directories /Users/tyleryep/Documents/Github/wolfbot -workers 1 -search-path /Users/tyleryep/miniconda3/lib/pyre_check/typeshed/stdlib/3.7,/Users/tyleryep/miniconda3/lib/pyre_check/typeshed/stdlib/3.6,/Users/tyleryep/miniconda3/lib/pyre_check/typeshed/stdlib/3,/Users/tyleryep/miniconda3/lib/pyre_check/typeshed/stdlib/2and3,/Users/tyleryep/miniconda3/lib/pyre_check/typeshed/third_party/3,/Users/tyleryep/miniconda3/lib/pyre_check/typeshed/third_party/2and3 .`
2019-08-31 20:18:47,900 INFO Parsing 859 stubs and sources...
2019-08-31 20:18:49,449 PERFORMANCE Sources parsed: 1.653000s
2019-08-31 20:18:49,451 INFO Adding built-in environment information to shared memory...
2019-08-31 20:18:49,451 PERFORMANCE Added environment to shared memory: 0.001000s
2019-08-31 20:18:49,555 INFO Building type environment...
2019-08-31 20:18:51,794 PERFORMANCE Full environment built: 2.316000s
2019-08-31 20:18:51,794 PERFORMANCE Registered ignores: 0.026000s
2019-08-31 20:18:51,795 INFO Checking 44 sources...
2019-08-31 20:18:51,896 INFO Running check `TypeCheck`...
2019-08-31 20:18:52,349 INFO Processed 44 of 44 sources
2019-08-31 20:18:52,349 PERFORMANCE Check_TypeCheck: 0.554000s
2019-08-31 20:18:52,349 MEMORY Shared memory size post-typecheck (size: 15)
2019-08-31 20:18:52,378 PERFORMANCE Analyzed sources: 0.554000s
2019-08-31 20:18:52,391 PERFORMANCE Postprocessed: 0.029000s
2019-08-31 20:18:52,412 PERFORMANCE Check: 4.654000s
2019-08-31 20:18:52,413 ERROR Found 6 type errors!

2019-08-31 20:20:21,445 DEBUG Reading configuration `.pyre_configuration`...
2019-08-31 20:20:21,446 DEBUG Found source_directories: `.`
2019-08-31 20:20:21,449 DEBUG Running `/Users/tyleryep/miniconda3/bin/pyre.bin check -logging-sections parser -project-root /Users/tyleryep/Documents/Github/wolfbot -filter-directories /Users/tyleryep/Documents/Github/wolfbot -workers 1 -search-path /Users/tyleryep/miniconda3/lib/pyre_check/typeshed/stdlib/3.7,/Users/tyleryep/miniconda3/lib/pyre_check/typeshed/stdlib/3.6,/Users/tyleryep/miniconda3/lib/pyre_check/typeshed/stdlib/3,/Users/tyleryep/miniconda3/lib/pyre_check/typeshed/stdlib/2and3,/Users/tyleryep/miniconda3/lib/pyre_check/typeshed/third_party/3,/Users/tyleryep/miniconda3/lib/pyre_check/typeshed/third_party/2and3 .`
2019-08-31 20:20:21,867 INFO Parsing 859 stubs and sources...
2019-08-31 20:20:23,889 PERFORMANCE Sources parsed: 2.131000s
2019-08-31 20:20:23,890 INFO Adding built-in environment information to shared memory...
2019-08-31 20:20:23,890 PERFORMANCE Added environment to shared memory: 0.001000s
2019-08-31 20:20:23,995 INFO Building type environment...
2019-08-31 20:20:26,158 PERFORMANCE Full environment built: 2.240000s
2019-08-31 20:20:26,158 PERFORMANCE Registered ignores: 0.026000s
2019-08-31 20:20:26,158 INFO Checking 44 sources...
2019-08-31 20:20:26,259 INFO Running check `TypeCheck`...
2019-08-31 20:20:26,665 INFO Processed 44 of 44 sources
2019-08-31 20:20:26,665 PERFORMANCE Check_TypeCheck: 0.507000s
2019-08-31 20:20:26,666 MEMORY Shared memory size post-typecheck (size: 15)
2019-08-31 20:20:26,693 PERFORMANCE Analyzed sources: 0.507000s
2019-08-31 20:20:26,706 PERFORMANCE Postprocessed: 0.028000s
2019-08-31 20:20:26,729 PERFORMANCE Check: 5.117000s
2019-08-31 20:20:26,730 ERROR Found 6 type errors!

2019-08-31 20:26:22,340 DEBUG Reading configuration `.pyre_configuration`...
2019-08-31 20:26:22,342 DEBUG Found source_directories: `.`
2019-08-31 20:26:22,345 DEBUG Running `/Users/tyleryep/miniconda3/bin/pyre.bin check -logging-sections parser -project-root /Users/tyleryep/Documents/Github/wolfbot -filter-directories /Users/tyleryep/Documents/Github/wolfbot -workers 1 -search-path /Users/tyleryep/miniconda3/lib/pyre_check/typeshed/stdlib/3.7,/Users/tyleryep/miniconda3/lib/pyre_check/typeshed/stdlib/3.6,/Users/tyleryep/miniconda3/lib/pyre_check/typeshed/stdlib/3,/Users/tyleryep/miniconda3/lib/pyre_check/typeshed/stdlib/2and3,/Users/tyleryep/miniconda3/lib/pyre_check/typeshed/third_party/3,/Users/tyleryep/miniconda3/lib/pyre_check/typeshed/third_party/2and3 .`
2019-08-31 20:26:22,674 INFO Parsing 859 stubs and sources...
2019-08-31 20:26:24,723 PERFORMANCE Sources parsed: 2.155000s
2019-08-31 20:26:24,724 INFO Adding built-in environment information to shared memory...
2019-08-31 20:26:24,724 PERFORMANCE Added environment to shared memory: 0.001000s
2019-08-31 20:26:24,829 INFO Building type environment...
2019-08-31 20:26:27,009 PERFORMANCE Full environment built: 2.258000s
2019-08-31 20:26:27,010 PERFORMANCE Registered ignores: 0.025000s
2019-08-31 20:26:27,010 INFO Checking 44 sources...
2019-08-31 20:26:27,115 INFO Running check `TypeCheck`...
2019-08-31 20:26:27,515 INFO Processed 44 of 44 sources
2019-08-31 20:26:27,515 PERFORMANCE Check_TypeCheck: 0.505000s
2019-08-31 20:26:27,515 MEMORY Shared memory size post-typecheck (size: 15)
2019-08-31 20:26:27,543 PERFORMANCE Analyzed sources: 0.505000s
2019-08-31 20:26:27,556 PERFORMANCE Postprocessed: 0.028000s
2019-08-31 20:26:27,578 PERFORMANCE Check: 5.083000s
2019-08-31 20:26:27,579 ERROR Found 5 type errors!

2019-08-31 20:26:50,007 DEBUG Reading configuration `.pyre_configuration`...
2019-08-31 20:26:50,007 DEBUG Found source_directories: `.`
2019-08-31 20:26:50,008 DEBUG Running `/Users/tyleryep/miniconda3/bin/pyre.bin check -logging-sections parser -project-root /Users/tyleryep/Documents/Github/wolfbot -filter-directories /Users/tyleryep/Documents/Github/wolfbot -workers 1 -search-path /Users/tyleryep/miniconda3/lib/pyre_check/typeshed/stdlib/3.7,/Users/tyleryep/miniconda3/lib/pyre_check/typeshed/stdlib/3.6,/Users/tyleryep/miniconda3/lib/pyre_check/typeshed/stdlib/3,/Users/tyleryep/miniconda3/lib/pyre_check/typeshed/stdlib/2and3,/Users/tyleryep/miniconda3/lib/pyre_check/typeshed/third_party/3,/Users/tyleryep/miniconda3/lib/pyre_check/typeshed/third_party/2and3 .`
2019-08-31 20:26:50,249 INFO Parsing 859 stubs and sources...
2019-08-31 20:26:51,609 PERFORMANCE Sources parsed: 1.465000s
2019-08-31 20:26:51,610 INFO Adding built-in environment information to shared memory...
2019-08-31 20:26:51,610 PERFORMANCE Added environment to shared memory: 0.001000s
2019-08-31 20:26:51,714 INFO Building type environment...
2019-08-31 20:26:53,906 PERFORMANCE Full environment built: 2.270000s
2019-08-31 20:26:53,912 PERFORMANCE Registered ignores: 0.025000s
2019-08-31 20:26:53,912 INFO Checking 44 sources...
2019-08-31 20:26:54,016 INFO Running check `TypeCheck`...
2019-08-31 20:26:54,411 INFO Processed 44 of 44 sources
2019-08-31 20:26:54,411 PERFORMANCE Check_TypeCheck: 0.504000s
2019-08-31 20:26:54,411 MEMORY Shared memory size post-typecheck (size: 15)
2019-08-31 20:26:54,439 PERFORMANCE Analyzed sources: 0.504000s
2019-08-31 20:26:54,452 PERFORMANCE Postprocessed: 0.028000s
2019-08-31 20:26:54,476 PERFORMANCE Check: 4.415000s
2019-08-31 20:26:54,477 ERROR Found 5 type errors!

2019-08-31 20:27:16,124 DEBUG Reading configuration `.pyre_configuration`...
2019-08-31 20:27:16,124 DEBUG Found source_directories: `.`
2019-08-31 20:27:16,125 DEBUG Running `/Users/tyleryep/miniconda3/bin/pyre.bin check -logging-sections parser -project-root /Users/tyleryep/Documents/Github/wolfbot -filter-directories /Users/tyleryep/Documents/Github/wolfbot -workers 1 -search-path /Users/tyleryep/miniconda3/lib/pyre_check/typeshed/stdlib/3.7,/Users/tyleryep/miniconda3/lib/pyre_check/typeshed/stdlib/3.6,/Users/tyleryep/miniconda3/lib/pyre_check/typeshed/stdlib/3,/Users/tyleryep/miniconda3/lib/pyre_check/typeshed/stdlib/2and3,/Users/tyleryep/miniconda3/lib/pyre_check/typeshed/third_party/3,/Users/tyleryep/miniconda3/lib/pyre_check/typeshed/third_party/2and3 .`
2019-08-31 20:27:16,333 INFO Parsing 859 stubs and sources...
2019-08-31 20:27:17,885 PERFORMANCE Sources parsed: 1.656000s
2019-08-31 20:27:17,886 INFO Adding built-in environment information to shared memory...
2019-08-31 20:27:17,887 PERFORMANCE Added environment to shared memory: 0.001000s
2019-08-31 20:27:17,987 INFO Building type environment...
2019-08-31 20:27:20,107 PERFORMANCE Full environment built: 2.195000s
2019-08-31 20:27:20,116 PERFORMANCE Registered ignores: 0.025000s
2019-08-31 20:27:20,116 INFO Checking 44 sources...
2019-08-31 20:27:20,221 INFO Running check `TypeCheck`...
2019-08-31 20:27:20,650 INFO Processed 44 of 44 sources
2019-08-31 20:27:20,656 PERFORMANCE Check_TypeCheck: 0.543000s
2019-08-31 20:27:20,656 MEMORY Shared memory size post-typecheck (size: 15)
2019-08-31 20:27:20,679 PERFORMANCE Analyzed sources: 0.543000s
2019-08-31 20:27:20,693 PERFORMANCE Postprocessed: 0.029000s
2019-08-31 20:27:20,713 PERFORMANCE Check: 4.521000s
2019-08-31 20:27:20,715 ERROR Found 5 type errors!

2019-08-31 21:09:26,012 DEBUG Reading configuration `.pyre_configuration`...
2019-08-31 21:09:26,014 DEBUG Found source_directories: `.`
2019-08-31 21:09:26,016 DEBUG Running `/Users/tyleryep/miniconda3/bin/pyre.bin check -logging-sections parser -project-root /Users/tyleryep/Documents/Github/wolfbot -filter-directories /Users/tyleryep/Documents/Github/wolfbot -workers 1 -search-path /Users/tyleryep/miniconda3/lib/pyre_check/typeshed/stdlib/3.7,/Users/tyleryep/miniconda3/lib/pyre_check/typeshed/stdlib/3.6,/Users/tyleryep/miniconda3/lib/pyre_check/typeshed/stdlib/3,/Users/tyleryep/miniconda3/lib/pyre_check/typeshed/stdlib/2and3,/Users/tyleryep/miniconda3/lib/pyre_check/typeshed/third_party/3,/Users/tyleryep/miniconda3/lib/pyre_check/typeshed/third_party/2and3 .`
2019-08-31 21:09:26,467 INFO Parsing 859 stubs and sources...
2019-08-31 21:09:28,906 PERFORMANCE Sources parsed: 2.573000s
2019-08-31 21:09:28,907 INFO Adding built-in environment information to shared memory...
2019-08-31 21:09:28,907 PERFORMANCE Added environment to shared memory: 0.001000s
2019-08-31 21:09:29,011 INFO Building type environment...
2019-08-31 21:09:31,478 PERFORMANCE Full environment built: 2.542000s
2019-08-31 21:09:31,478 PERFORMANCE Registered ignores: 0.027000s
2019-08-31 21:09:31,478 INFO Checking 44 sources...
2019-08-31 21:09:31,580 INFO Running check `TypeCheck`...
2019-08-31 21:09:32,033 INFO Processed 44 of 44 sources
2019-08-31 21:09:32,034 PERFORMANCE Check_TypeCheck: 0.555000s
2019-08-31 21:09:32,034 MEMORY Shared memory size post-typecheck (size: 15)
2019-08-31 21:09:32,063 PERFORMANCE Analyzed sources: 0.555000s
2019-08-31 21:09:32,076 PERFORMANCE Postprocessed: 0.029000s
2019-08-31 21:09:32,095 PERFORMANCE Check: 5.906000s
2019-08-31 21:09:32,096 ERROR Found 7 type errors!

2019-08-31 21:13:45,562 DEBUG Reading configuration `.pyre_configuration`...
2019-08-31 21:13:45,563 DEBUG Found source_directories: `.`
2019-08-31 21:13:45,565 DEBUG Running `/Users/tyleryep/miniconda3/bin/pyre.bin check -logging-sections parser -project-root /Users/tyleryep/Documents/Github/wolfbot -filter-directories /Users/tyleryep/Documents/Github/wolfbot -workers 1 -search-path /Users/tyleryep/miniconda3/lib/pyre_check/typeshed/stdlib/3.7,/Users/tyleryep/miniconda3/lib/pyre_check/typeshed/stdlib/3.6,/Users/tyleryep/miniconda3/lib/pyre_check/typeshed/stdlib/3,/Users/tyleryep/miniconda3/lib/pyre_check/typeshed/stdlib/2and3,/Users/tyleryep/miniconda3/lib/pyre_check/typeshed/third_party/3,/Users/tyleryep/miniconda3/lib/pyre_check/typeshed/third_party/2and3 .`
2019-08-31 21:13:45,932 INFO Parsing 859 stubs and sources...
2019-08-31 21:13:47,844 PERFORMANCE Sources parsed: 2.020000s
2019-08-31 21:13:47,845 INFO Adding built-in environment information to shared memory...
2019-08-31 21:13:47,845 PERFORMANCE Added environment to shared memory: 0.001000s
2019-08-31 21:13:47,946 INFO Building type environment...
2019-08-31 21:13:50,295 PERFORMANCE Full environment built: 2.422000s
2019-08-31 21:13:50,296 PERFORMANCE Registered ignores: 0.026000s
2019-08-31 21:13:50,296 INFO Checking 44 sources...
2019-08-31 21:13:50,399 INFO Running check `TypeCheck`...
2019-08-31 21:13:50,852 INFO Processed 44 of 44 sources
2019-08-31 21:13:50,852 PERFORMANCE Check_TypeCheck: 0.556000s
2019-08-31 21:13:50,852 MEMORY Shared memory size post-typecheck (size: 15)
2019-08-31 21:13:50,883 PERFORMANCE Analyzed sources: 0.556000s
2019-08-31 21:13:50,896 PERFORMANCE Postprocessed: 0.031000s
2019-08-31 21:13:50,915 PERFORMANCE Check: 5.214000s
2019-08-31 21:13:50,916 ERROR Found 7 type errors!

2019-08-31 21:14:54,596 DEBUG Reading configuration `.pyre_configuration`...
2019-08-31 21:14:54,597 DEBUG Found source_directories: `.`
2019-08-31 21:14:54,598 DEBUG Running `/Users/tyleryep/miniconda3/bin/pyre.bin check -logging-sections parser -project-root /Users/tyleryep/Documents/Github/wolfbot -filter-directories /Users/tyleryep/Documents/Github/wolfbot -workers 1 -search-path /Users/tyleryep/miniconda3/lib/pyre_check/typeshed/stdlib/3.7,/Users/tyleryep/miniconda3/lib/pyre_check/typeshed/stdlib/3.6,/Users/tyleryep/miniconda3/lib/pyre_check/typeshed/stdlib/3,/Users/tyleryep/miniconda3/lib/pyre_check/typeshed/stdlib/2and3,/Users/tyleryep/miniconda3/lib/pyre_check/typeshed/third_party/3,/Users/tyleryep/miniconda3/lib/pyre_check/typeshed/third_party/2and3 .`
2019-08-31 21:14:54,791 INFO Parsing 859 stubs and sources...
2019-08-31 21:14:56,190 PERFORMANCE Sources parsed: 1.504000s
2019-08-31 21:14:56,191 INFO Adding built-in environment information to shared memory...
2019-08-31 21:14:56,191 PERFORMANCE Added environment to shared memory: 0.001000s
2019-08-31 21:14:56,296 INFO Building type environment...
2019-08-31 21:14:58,635 PERFORMANCE Full environment built: 2.416000s
2019-08-31 21:14:58,641 PERFORMANCE Registered ignores: 0.026000s
2019-08-31 21:14:58,641 INFO Checking 44 sources...
2019-08-31 21:14:58,745 INFO Running check `TypeCheck`...
2019-08-31 21:14:59,151 INFO Processed 44 of 44 sources
2019-08-31 21:14:59,152 PERFORMANCE Check_TypeCheck: 0.515000s
2019-08-31 21:14:59,152 MEMORY Shared memory size post-typecheck (size: 15)
2019-08-31 21:14:59,181 PERFORMANCE Analyzed sources: 0.516000s
2019-08-31 21:14:59,194 PERFORMANCE Postprocessed: 0.029000s
2019-08-31 21:14:59,213 PERFORMANCE Check: 4.568000s
2019-08-31 21:14:59,214 ERROR Found 10 type errors!

2019-08-31 21:19:24,819 DEBUG Reading configuration `.pyre_configuration`...
2019-08-31 21:19:24,820 DEBUG Found source_directories: `.`
2019-08-31 21:19:24,822 DEBUG Running `/Users/tyleryep/miniconda3/bin/pyre.bin check -logging-sections parser -project-root /Users/tyleryep/Documents/Github/wolfbot -filter-directories /Users/tyleryep/Documents/Github/wolfbot -workers 1 -search-path /Users/tyleryep/miniconda3/lib/pyre_check/typeshed/stdlib/3.7,/Users/tyleryep/miniconda3/lib/pyre_check/typeshed/stdlib/3.6,/Users/tyleryep/miniconda3/lib/pyre_check/typeshed/stdlib/3,/Users/tyleryep/miniconda3/lib/pyre_check/typeshed/stdlib/2and3,/Users/tyleryep/miniconda3/lib/pyre_check/typeshed/third_party/3,/Users/tyleryep/miniconda3/lib/pyre_check/typeshed/third_party/2and3 .`
2019-08-31 21:19:25,142 INFO Parsing 859 stubs and sources...
2019-08-31 21:19:27,059 PERFORMANCE Sources parsed: 2.021000s
2019-08-31 21:19:27,060 INFO Adding built-in environment information to shared memory...
2019-08-31 21:19:27,060 PERFORMANCE Added environment to shared memory: 0.001000s
2019-08-31 21:19:27,161 INFO Building type environment...
2019-08-31 21:19:29,637 PERFORMANCE Full environment built: 2.534000s
2019-08-31 21:19:29,637 PERFORMANCE Registered ignores: 0.036000s
2019-08-31 21:19:29,639 INFO Checking 44 sources...
2019-08-31 21:19:29,741 INFO Running check `TypeCheck`...
2019-08-31 21:19:30,637 INFO Processed 44 of 44 sources
2019-08-31 21:19:30,646 PERFORMANCE Check_TypeCheck: 1.000000s
2019-08-31 21:19:30,647 MEMORY Shared memory size post-typecheck (size: 15)
2019-08-31 21:19:30,681 PERFORMANCE Analyzed sources: 1.000000s
2019-08-31 21:19:30,696 PERFORMANCE Postprocessed: 0.041000s
2019-08-31 21:19:30,718 PERFORMANCE Check: 5.778000s
2019-08-31 21:19:30,720 ERROR Found 7 type errors!

2019-08-31 21:21:15,444 DEBUG Reading configuration `.pyre_configuration`...
2019-08-31 21:21:15,445 DEBUG Found source_directories: `.`
2019-08-31 21:21:15,446 DEBUG Running `/Users/tyleryep/miniconda3/bin/pyre.bin check -logging-sections parser -project-root /Users/tyleryep/Documents/Github/wolfbot -filter-directories /Users/tyleryep/Documents/Github/wolfbot -workers 1 -search-path /Users/tyleryep/miniconda3/lib/pyre_check/typeshed/stdlib/3.7,/Users/tyleryep/miniconda3/lib/pyre_check/typeshed/stdlib/3.6,/Users/tyleryep/miniconda3/lib/pyre_check/typeshed/stdlib/3,/Users/tyleryep/miniconda3/lib/pyre_check/typeshed/stdlib/2and3,/Users/tyleryep/miniconda3/lib/pyre_check/typeshed/third_party/3,/Users/tyleryep/miniconda3/lib/pyre_check/typeshed/third_party/2and3 .`
2019-08-31 21:21:15,695 INFO Parsing 859 stubs and sources...
2019-08-31 21:21:17,702 PERFORMANCE Sources parsed: 2.111000s
2019-08-31 21:21:17,704 INFO Adding built-in environment information to shared memory...
2019-08-31 21:21:17,704 PERFORMANCE Added environment to shared memory: 0.001000s
2019-08-31 21:21:17,805 INFO Building type environment...
2019-08-31 21:21:20,013 PERFORMANCE Full environment built: 2.280000s
2019-08-31 21:21:20,013 PERFORMANCE Registered ignores: 0.025000s
2019-08-31 21:21:20,013 INFO Checking 44 sources...
2019-08-31 21:21:20,118 INFO Running check `TypeCheck`...
2019-08-31 21:21:20,537 INFO Processed 44 of 44 sources
2019-08-31 21:21:20,537 PERFORMANCE Check_TypeCheck: 0.523000s
2019-08-31 21:21:20,537 MEMORY Shared memory size post-typecheck (size: 15)
2019-08-31 21:21:20,565 PERFORMANCE Analyzed sources: 0.523000s
2019-08-31 21:21:20,578 PERFORMANCE Postprocessed: 0.028000s
2019-08-31 21:21:20,596 PERFORMANCE Check: 5.049000s
2019-08-31 21:21:20,598 ERROR Found 4 type errors!

2019-08-31 21:27:59,777 DEBUG Reading configuration `.pyre_configuration`...
2019-08-31 21:27:59,778 DEBUG Found source_directories: `.`
2019-08-31 21:27:59,780 DEBUG Running `/Users/tyleryep/miniconda3/bin/pyre.bin check -logging-sections parser -project-root /Users/tyleryep/Documents/Github/wolfbot -filter-directories /Users/tyleryep/Documents/Github/wolfbot -workers 1 -search-path /Users/tyleryep/miniconda3/lib/pyre_check/typeshed/stdlib/3.7,/Users/tyleryep/miniconda3/lib/pyre_check/typeshed/stdlib/3.6,/Users/tyleryep/miniconda3/lib/pyre_check/typeshed/stdlib/3,/Users/tyleryep/miniconda3/lib/pyre_check/typeshed/stdlib/2and3,/Users/tyleryep/miniconda3/lib/pyre_check/typeshed/third_party/3,/Users/tyleryep/miniconda3/lib/pyre_check/typeshed/third_party/2and3 .`
2019-08-31 21:28:00,208 INFO Parsing 859 stubs and sources...
2019-08-31 21:28:02,541 PERFORMANCE Sources parsed: 2.442000s
2019-08-31 21:28:02,546 INFO Adding built-in environment information to shared memory...
2019-08-31 21:28:02,551 PERFORMANCE Added environment to shared memory: 0.002000s
2019-08-31 21:28:02,651 INFO Building type environment...
2019-08-31 21:28:05,528 PERFORMANCE Full environment built: 2.957000s
2019-08-31 21:28:05,528 PERFORMANCE Registered ignores: 0.027000s
2019-08-31 21:28:05,528 INFO Checking 44 sources...
2019-08-31 21:28:05,633 INFO Running check `TypeCheck`...
2019-08-31 21:28:06,135 INFO Processed 44 of 44 sources
2019-08-31 21:28:06,136 PERFORMANCE Check_TypeCheck: 0.607000s
2019-08-31 21:28:06,136 MEMORY Shared memory size post-typecheck (size: 15)
2019-08-31 21:28:06,167 PERFORMANCE Analyzed sources: 0.607000s
2019-08-31 21:28:06,182 PERFORMANCE Postprocessed: 0.031000s
2019-08-31 21:28:06,202 PERFORMANCE Check: 6.262000s
2019-08-31 21:28:06,203 ERROR Found 5 type errors!

2019-08-31 21:36:32,705 DEBUG Reading configuration `.pyre_configuration`...
2019-08-31 21:36:32,706 DEBUG Found source_directories: `.`
2019-08-31 21:36:32,708 DEBUG Running `/Users/tyleryep/miniconda3/bin/pyre.bin check -logging-sections parser -project-root /Users/tyleryep/Documents/Github/wolfbot -filter-directories /Users/tyleryep/Documents/Github/wolfbot -workers 1 -search-path /Users/tyleryep/miniconda3/lib/pyre_check/typeshed/stdlib/3.7,/Users/tyleryep/miniconda3/lib/pyre_check/typeshed/stdlib/3.6,/Users/tyleryep/miniconda3/lib/pyre_check/typeshed/stdlib/3,/Users/tyleryep/miniconda3/lib/pyre_check/typeshed/stdlib/2and3,/Users/tyleryep/miniconda3/lib/pyre_check/typeshed/third_party/3,/Users/tyleryep/miniconda3/lib/pyre_check/typeshed/third_party/2and3 .`
2019-08-31 21:36:33,088 INFO Parsing 859 stubs and sources...
2019-08-31 21:36:35,167 PERFORMANCE Sources parsed: 2.186000s
2019-08-31 21:36:35,168 INFO Adding built-in environment information to shared memory...
2019-08-31 21:36:35,168 PERFORMANCE Added environment to shared memory: 0.001000s
2019-08-31 21:36:35,272 INFO Building type environment...
2019-08-31 21:36:37,657 PERFORMANCE Full environment built: 2.463000s
2019-08-31 21:36:37,658 PERFORMANCE Registered ignores: 0.025000s
2019-08-31 21:36:37,658 INFO Checking 44 sources...
2019-08-31 21:36:37,763 INFO Running check `TypeCheck`...
2019-08-31 21:36:38,258 INFO Processed 44 of 44 sources
2019-08-31 21:36:38,258 PERFORMANCE Check_TypeCheck: 0.600000s
2019-08-31 21:36:38,258 MEMORY Shared memory size post-typecheck (size: 15)
2019-08-31 21:36:38,287 PERFORMANCE Analyzed sources: 0.600000s
2019-08-31 21:36:38,300 PERFORMANCE Postprocessed: 0.029000s
2019-08-31 21:36:38,320 PERFORMANCE Check: 5.465000s
2019-08-31 21:36:38,321 ERROR Found 5 type errors!

2019-08-31 21:43:32,839 DEBUG Reading configuration `.pyre_configuration`...
2019-08-31 21:43:32,840 DEBUG Found source_directories: `.`
2019-08-31 21:43:32,842 DEBUG Running `/Users/tyleryep/miniconda3/bin/pyre.bin check -logging-sections parser -project-root /Users/tyleryep/Documents/Github/wolfbot -filter-directories /Users/tyleryep/Documents/Github/wolfbot -workers 1 -search-path /Users/tyleryep/miniconda3/lib/pyre_check/typeshed/stdlib/3.7,/Users/tyleryep/miniconda3/lib/pyre_check/typeshed/stdlib/3.6,/Users/tyleryep/miniconda3/lib/pyre_check/typeshed/stdlib/3,/Users/tyleryep/miniconda3/lib/pyre_check/typeshed/stdlib/2and3,/Users/tyleryep/miniconda3/lib/pyre_check/typeshed/third_party/3,/Users/tyleryep/miniconda3/lib/pyre_check/typeshed/third_party/2and3 .`
2019-08-31 21:43:33,229 INFO Parsing 859 stubs and sources...
2019-08-31 21:43:35,117 PERFORMANCE Sources parsed: 1.998000s
2019-08-31 21:43:35,119 INFO Adding built-in environment information to shared memory...
2019-08-31 21:43:35,119 PERFORMANCE Added environment to shared memory: 0.001000s
2019-08-31 21:43:35,222 INFO Building type environment...
2019-08-31 21:43:37,426 PERFORMANCE Full environment built: 2.278000s
2019-08-31 21:43:37,426 PERFORMANCE Registered ignores: 0.025000s
2019-08-31 21:43:37,426 INFO Checking 44 sources...
2019-08-31 21:43:37,528 INFO Running check `TypeCheck`...
2019-08-31 21:43:37,952 INFO Processed 44 of 44 sources
2019-08-31 21:43:37,952 PERFORMANCE Check_TypeCheck: 0.525000s
2019-08-31 21:43:37,952 MEMORY Shared memory size post-typecheck (size: 15)
2019-08-31 21:43:37,980 PERFORMANCE Analyzed sources: 0.525000s
2019-08-31 21:43:37,993 PERFORMANCE Postprocessed: 0.028000s
2019-08-31 21:43:38,013 PERFORMANCE Check: 5.008000s
2019-08-31 21:43:38,014 ERROR Found 4 type errors!

2019-08-31 21:50:49,626 DEBUG Reading configuration `.pyre_configuration`...
2019-08-31 21:50:49,627 DEBUG Found source_directories: `.`
2019-08-31 21:50:49,628 DEBUG Running `/Users/tyleryep/miniconda3/bin/pyre.bin check -logging-sections parser -project-root /Users/tyleryep/Documents/Github/wolfbot -filter-directories /Users/tyleryep/Documents/Github/wolfbot -workers 1 -search-path /Users/tyleryep/miniconda3/lib/pyre_check/typeshed/stdlib/3.7,/Users/tyleryep/miniconda3/lib/pyre_check/typeshed/stdlib/3.6,/Users/tyleryep/miniconda3/lib/pyre_check/typeshed/stdlib/3,/Users/tyleryep/miniconda3/lib/pyre_check/typeshed/stdlib/2and3,/Users/tyleryep/miniconda3/lib/pyre_check/typeshed/third_party/3,/Users/tyleryep/miniconda3/lib/pyre_check/typeshed/third_party/2and3 .`
2019-08-31 21:50:49,896 INFO Parsing 859 stubs and sources...
2019-08-31 21:50:51,733 PERFORMANCE Sources parsed: 1.944000s
2019-08-31 21:50:51,734 INFO Adding built-in environment information to shared memory...
2019-08-31 21:50:51,734 PERFORMANCE Added environment to shared memory: 0.001000s
2019-08-31 21:50:51,834 INFO Building type environment...
2019-08-31 21:50:54,144 PERFORMANCE Full environment built: 2.382000s
2019-08-31 21:50:54,144 PERFORMANCE Registered ignores: 0.026000s
2019-08-31 21:50:54,144 INFO Checking 44 sources...
2019-08-31 21:50:54,248 INFO Running check `TypeCheck`...
2019-08-31 21:50:54,703 INFO Processed 44 of 44 sources
2019-08-31 21:50:54,703 PERFORMANCE Check_TypeCheck: 0.558000s
2019-08-31 21:50:54,703 MEMORY Shared memory size post-typecheck (size: 15)
2019-08-31 21:50:54,731 PERFORMANCE Analyzed sources: 0.558000s
2019-08-31 21:50:54,744 PERFORMANCE Postprocessed: 0.028000s
2019-08-31 21:50:54,767 PERFORMANCE Check: 5.021000s
2019-08-31 21:50:54,768 ERROR Found 12 type errors!

2019-08-31 21:51:27,650 DEBUG Reading configuration `.pyre_configuration`...
2019-08-31 21:51:27,651 DEBUG Found source_directories: `.`
2019-08-31 21:51:27,651 DEBUG Running `/Users/tyleryep/miniconda3/bin/pyre.bin check -logging-sections parser -project-root /Users/tyleryep/Documents/Github/wolfbot -filter-directories /Users/tyleryep/Documents/Github/wolfbot -workers 1 -search-path /Users/tyleryep/miniconda3/lib/pyre_check/typeshed/stdlib/3.7,/Users/tyleryep/miniconda3/lib/pyre_check/typeshed/stdlib/3.6,/Users/tyleryep/miniconda3/lib/pyre_check/typeshed/stdlib/3,/Users/tyleryep/miniconda3/lib/pyre_check/typeshed/stdlib/2and3,/Users/tyleryep/miniconda3/lib/pyre_check/typeshed/third_party/3,/Users/tyleryep/miniconda3/lib/pyre_check/typeshed/third_party/2and3 .`
2019-08-31 21:51:27,840 INFO Parsing 859 stubs and sources...
2019-08-31 21:51:29,268 PERFORMANCE Sources parsed: 1.531000s
2019-08-31 21:51:29,269 INFO Adding built-in environment information to shared memory...
2019-08-31 21:51:29,269 PERFORMANCE Added environment to shared memory: 0.001000s
2019-08-31 21:51:29,370 INFO Building type environment...
2019-08-31 21:51:31,583 PERFORMANCE Full environment built: 2.286000s
2019-08-31 21:51:31,588 PERFORMANCE Registered ignores: 0.025000s
2019-08-31 21:51:31,589 INFO Checking 44 sources...
2019-08-31 21:51:31,691 INFO Running check `TypeCheck`...
2019-08-31 21:51:32,135 INFO Processed 44 of 44 sources
2019-08-31 21:51:32,136 PERFORMANCE Check_TypeCheck: 0.552000s
2019-08-31 21:51:32,136 MEMORY Shared memory size post-typecheck (size: 15)
2019-08-31 21:51:32,164 PERFORMANCE Analyzed sources: 0.552000s
2019-08-31 21:51:32,178 PERFORMANCE Postprocessed: 0.028000s
2019-08-31 21:51:32,196 PERFORMANCE Check: 4.500000s
2019-08-31 21:51:32,197 ERROR Found 12 type errors!

2019-08-31 22:00:27,522 DEBUG Reading configuration `.pyre_configuration`...
2019-08-31 22:00:27,524 DEBUG Found source_directories: `.`
2019-08-31 22:00:27,527 DEBUG Running `/Users/tyleryep/miniconda3/bin/pyre.bin check -logging-sections parser -project-root /Users/tyleryep/Documents/Github/wolfbot -filter-directories /Users/tyleryep/Documents/Github/wolfbot -workers 1 -search-path /Users/tyleryep/miniconda3/lib/pyre_check/typeshed/stdlib/3.7,/Users/tyleryep/miniconda3/lib/pyre_check/typeshed/stdlib/3.6,/Users/tyleryep/miniconda3/lib/pyre_check/typeshed/stdlib/3,/Users/tyleryep/miniconda3/lib/pyre_check/typeshed/stdlib/2and3,/Users/tyleryep/miniconda3/lib/pyre_check/typeshed/third_party/3,/Users/tyleryep/miniconda3/lib/pyre_check/typeshed/third_party/2and3 .`
2019-08-31 22:00:27,815 INFO Parsing 859 stubs and sources...
2019-08-31 22:00:30,019 PERFORMANCE Sources parsed: 2.311000s
2019-08-31 22:00:30,021 INFO Adding built-in environment information to shared memory...
2019-08-31 22:00:30,024 PERFORMANCE Added environment to shared memory: 0.002000s
2019-08-31 22:00:30,130 INFO Building type environment...
2019-08-31 22:00:33,354 PERFORMANCE Full environment built: 3.305000s
2019-08-31 22:00:33,355 PERFORMANCE Registered ignores: 0.025000s
2019-08-31 22:00:33,355 INFO Checking 44 sources...
2019-08-31 22:00:33,460 INFO Running check `TypeCheck`...
2019-08-31 22:00:33,961 INFO Processed 44 of 44 sources
2019-08-31 22:00:33,962 PERFORMANCE Check_TypeCheck: 0.606000s
2019-08-31 22:00:33,962 MEMORY Shared memory size post-typecheck (size: 15)
2019-08-31 22:00:33,994 PERFORMANCE Analyzed sources: 0.606000s
2019-08-31 22:00:34,007 PERFORMANCE Postprocessed: 0.033000s
2019-08-31 22:00:34,028 PERFORMANCE Check: 6.388000s
2019-08-31 22:00:34,030 ERROR Found 13 type errors!

2019-08-31 22:02:02,114 DEBUG Reading configuration `.pyre_configuration`...
2019-08-31 22:02:02,115 DEBUG Found source_directories: `.`
2019-08-31 22:02:02,116 DEBUG Running `/Users/tyleryep/miniconda3/bin/pyre.bin check -logging-sections parser -project-root /Users/tyleryep/Documents/Github/wolfbot -filter-directories /Users/tyleryep/Documents/Github/wolfbot -workers 1 -search-path /Users/tyleryep/miniconda3/lib/pyre_check/typeshed/stdlib/3.7,/Users/tyleryep/miniconda3/lib/pyre_check/typeshed/stdlib/3.6,/Users/tyleryep/miniconda3/lib/pyre_check/typeshed/stdlib/3,/Users/tyleryep/miniconda3/lib/pyre_check/typeshed/stdlib/2and3,/Users/tyleryep/miniconda3/lib/pyre_check/typeshed/third_party/3,/Users/tyleryep/miniconda3/lib/pyre_check/typeshed/third_party/2and3 .`
2019-08-31 22:02:02,309 INFO Parsing 859 stubs and sources...
2019-08-31 22:02:03,723 PERFORMANCE Sources parsed: 1.517000s
2019-08-31 22:02:03,725 INFO Adding built-in environment information to shared memory...
2019-08-31 22:02:03,725 PERFORMANCE Added environment to shared memory: 0.001000s
2019-08-31 22:02:03,825 INFO Building type environment...
2019-08-31 22:02:06,309 PERFORMANCE Full environment built: 2.546000s
2019-08-31 22:02:06,315 PERFORMANCE Registered ignores: 0.035000s
2019-08-31 22:02:06,317 INFO Checking 44 sources...
2019-08-31 22:02:06,421 INFO Running check `TypeCheck`...
2019-08-31 22:02:06,971 INFO Processed 44 of 44 sources
2019-08-31 22:02:06,972 PERFORMANCE Check_TypeCheck: 0.662000s
2019-08-31 22:02:06,972 MEMORY Shared memory size post-typecheck (size: 15)
2019-08-31 22:02:07,001 PERFORMANCE Analyzed sources: 0.662000s
2019-08-31 22:02:07,014 PERFORMANCE Postprocessed: 0.029000s
2019-08-31 22:02:07,034 PERFORMANCE Check: 4.871000s
2019-08-31 22:02:07,035 ERROR Found 9 type errors!

2019-08-31 22:04:38,434 DEBUG Reading configuration `.pyre_configuration`...
2019-08-31 22:04:38,435 DEBUG Found source_directories: `.`
2019-08-31 22:04:38,436 DEBUG Running `/Users/tyleryep/miniconda3/bin/pyre.bin check -logging-sections parser -project-root /Users/tyleryep/Documents/Github/wolfbot -filter-directories /Users/tyleryep/Documents/Github/wolfbot -workers 1 -search-path /Users/tyleryep/miniconda3/lib/pyre_check/typeshed/stdlib/3.7,/Users/tyleryep/miniconda3/lib/pyre_check/typeshed/stdlib/3.6,/Users/tyleryep/miniconda3/lib/pyre_check/typeshed/stdlib/3,/Users/tyleryep/miniconda3/lib/pyre_check/typeshed/stdlib/2and3,/Users/tyleryep/miniconda3/lib/pyre_check/typeshed/third_party/3,/Users/tyleryep/miniconda3/lib/pyre_check/typeshed/third_party/2and3 .`
2019-08-31 22:04:38,645 INFO Parsing 859 stubs and sources...
2019-08-31 22:04:40,027 PERFORMANCE Sources parsed: 1.487000s
2019-08-31 22:04:40,028 INFO Adding built-in environment information to shared memory...
2019-08-31 22:04:40,028 PERFORMANCE Added environment to shared memory: 0.001000s
2019-08-31 22:04:40,130 INFO Building type environment...
2019-08-31 22:04:42,345 PERFORMANCE Full environment built: 2.290000s
2019-08-31 22:04:42,351 PERFORMANCE Registered ignores: 0.025000s
2019-08-31 22:04:42,351 INFO Checking 44 sources...
2019-08-31 22:04:42,451 INFO Running check `TypeCheck`...
2019-08-31 22:04:42,890 INFO Processed 44 of 44 sources
2019-08-31 22:04:42,891 PERFORMANCE Check_TypeCheck: 0.545000s
2019-08-31 22:04:42,891 MEMORY Shared memory size post-typecheck (size: 15)
2019-08-31 22:04:42,920 PERFORMANCE Analyzed sources: 0.545000s
2019-08-31 22:04:42,932 PERFORMANCE Postprocessed: 0.029000s
2019-08-31 22:04:42,955 PERFORMANCE Check: 4.449000s
2019-08-31 22:04:42,956 ERROR Found 7 type errors!

2019-08-31 22:06:55,044 DEBUG Reading configuration `.pyre_configuration`...
2019-08-31 22:06:55,044 DEBUG Found source_directories: `.`
2019-08-31 22:06:55,045 DEBUG Running `/Users/tyleryep/miniconda3/bin/pyre.bin check -logging-sections parser -project-root /Users/tyleryep/Documents/Github/wolfbot -filter-directories /Users/tyleryep/Documents/Github/wolfbot -workers 1 -search-path /Users/tyleryep/miniconda3/lib/pyre_check/typeshed/stdlib/3.7,/Users/tyleryep/miniconda3/lib/pyre_check/typeshed/stdlib/3.6,/Users/tyleryep/miniconda3/lib/pyre_check/typeshed/stdlib/3,/Users/tyleryep/miniconda3/lib/pyre_check/typeshed/stdlib/2and3,/Users/tyleryep/miniconda3/lib/pyre_check/typeshed/third_party/3,/Users/tyleryep/miniconda3/lib/pyre_check/typeshed/third_party/2and3 .`
2019-08-31 22:06:55,290 INFO Parsing 859 stubs and sources...
2019-08-31 22:06:56,706 PERFORMANCE Sources parsed: 1.521000s
2019-08-31 22:06:56,707 INFO Adding built-in environment information to shared memory...
2019-08-31 22:06:56,707 PERFORMANCE Added environment to shared memory: 0.001000s
2019-08-31 22:06:56,810 INFO Building type environment...
2019-08-31 22:06:58,994 PERFORMANCE Full environment built: 2.260000s
2019-08-31 22:06:58,994 PERFORMANCE Registered ignores: 0.026000s
2019-08-31 22:06:58,994 INFO Checking 44 sources...
2019-08-31 22:06:59,098 INFO Running check `TypeCheck`...
2019-08-31 22:06:59,534 INFO Processed 44 of 44 sources
2019-08-31 22:06:59,534 PERFORMANCE Check_TypeCheck: 0.539000s
2019-08-31 22:06:59,534 MEMORY Shared memory size post-typecheck (size: 15)
2019-08-31 22:06:59,562 PERFORMANCE Analyzed sources: 0.539000s
2019-08-31 22:06:59,576 PERFORMANCE Postprocessed: 0.028000s
2019-08-31 22:06:59,598 PERFORMANCE Check: 4.505000s
2019-08-31 22:06:59,599 ERROR Found 6 type errors!

